

Started GET "/" for ::1 at 2015-03-16 10:39:29 -0400
Processing by StaticController#home as HTML
  Rendered static/home.html.erb within layouts/application (14.7ms)
Completed 200 OK in 1797ms (Views: 1770.4ms | ActiveRecord: 0.0ms)


Started GET "/assets/static-64e62ddc273c2f5847f30d698ca14b67.css?body=1" for ::1 at 2015-03-16 10:39:31 -0400


Started GET "/assets/application-5266d2988799ecc8fe6e81eaab412e7d.css?body=1" for ::1 at 2015-03-16 10:39:31 -0400


Started GET "/assets/turbolinks-f87b3583ca50adb0488b031297f5580d.js?body=1" for ::1 at 2015-03-16 10:39:31 -0400


Started GET "/assets/jquery-87424c3c19e96d4fb033c10ebe21ec40.js?body=1" for ::1 at 2015-03-16 10:39:31 -0400


Started GET "/assets/static-fcec5b5a277ac7c20cc9f45a209a3bcd.js?body=1" for ::1 at 2015-03-16 10:39:31 -0400


Started GET "/assets/jquery_ujs-e27bd20a10d28155845a22d71ef94f2f.js?body=1" for ::1 at 2015-03-16 10:39:31 -0400


Started GET "/assets/application-001948a807d6467a657420955d9f0c1c.js?body=1" for ::1 at 2015-03-16 10:39:31 -0400


Started GET "/" for ::1 at 2015-03-16 10:58:38 -0400
Processing by StaticController#home as HTML
  Rendered static/home.html.erb within layouts/application (14.7ms)
Completed 200 OK in 361ms (Views: 327.3ms | ActiveRecord: 0.0ms)


Started GET "/assets/static-64e62ddc273c2f5847f30d698ca14b67.css?body=1" for ::1 at 2015-03-16 10:58:39 -0400


Started GET "/assets/application-5266d2988799ecc8fe6e81eaab412e7d.css?body=1" for ::1 at 2015-03-16 10:58:39 -0400


Started GET "/assets/turbolinks-f87b3583ca50adb0488b031297f5580d.js?body=1" for ::1 at 2015-03-16 10:58:39 -0400


Started GET "/assets/jquery_ujs-e27bd20a10d28155845a22d71ef94f2f.js?body=1" for ::1 at 2015-03-16 10:58:39 -0400


Started GET "/assets/jquery-87424c3c19e96d4fb033c10ebe21ec40.js?body=1" for ::1 at 2015-03-16 10:58:39 -0400


Started GET "/assets/static-fcec5b5a277ac7c20cc9f45a209a3bcd.js?body=1" for ::1 at 2015-03-16 10:58:39 -0400


Started GET "/assets/application-001948a807d6467a657420955d9f0c1c.js?body=1" for ::1 at 2015-03-16 10:58:39 -0400


Started GET "/" for ::1 at 2015-03-16 10:58:40 -0400
Processing by StaticController#home as HTML
  Rendered static/home.html.erb within layouts/application (0.1ms)
Completed 200 OK in 54ms (Views: 52.9ms | ActiveRecord: 0.0ms)


Started GET "/assets/static-64e62ddc273c2f5847f30d698ca14b67.css?body=1" for ::1 at 2015-03-16 10:58:40 -0400


Started GET "/assets/application-5266d2988799ecc8fe6e81eaab412e7d.css?body=1" for ::1 at 2015-03-16 10:58:40 -0400


Started GET "/assets/jquery-87424c3c19e96d4fb033c10ebe21ec40.js?body=1" for ::1 at 2015-03-16 10:58:40 -0400


Started GET "/assets/turbolinks-f87b3583ca50adb0488b031297f5580d.js?body=1" for ::1 at 2015-03-16 10:58:40 -0400


Started GET "/assets/static-fcec5b5a277ac7c20cc9f45a209a3bcd.js?body=1" for ::1 at 2015-03-16 10:58:40 -0400


Started GET "/assets/application-001948a807d6467a657420955d9f0c1c.js?body=1" for ::1 at 2015-03-16 10:58:40 -0400


Started GET "/assets/jquery_ujs-e27bd20a10d28155845a22d71ef94f2f.js?body=1" for ::1 at 2015-03-16 10:58:40 -0400


Started GET "/" for ::1 at 2015-03-16 10:58:41 -0400
Processing by StaticController#home as HTML
  Rendered static/home.html.erb within layouts/application (0.0ms)
Completed 200 OK in 45ms (Views: 44.4ms | ActiveRecord: 0.0ms)


Started GET "/assets/static-64e62ddc273c2f5847f30d698ca14b67.css?body=1" for ::1 at 2015-03-16 10:58:41 -0400


Started GET "/assets/application-5266d2988799ecc8fe6e81eaab412e7d.css?body=1" for ::1 at 2015-03-16 10:58:41 -0400


Started GET "/assets/static-fcec5b5a277ac7c20cc9f45a209a3bcd.js?body=1" for ::1 at 2015-03-16 10:58:41 -0400


Started GET "/assets/jquery_ujs-e27bd20a10d28155845a22d71ef94f2f.js?body=1" for ::1 at 2015-03-16 10:58:41 -0400


Started GET "/assets/turbolinks-f87b3583ca50adb0488b031297f5580d.js?body=1" for ::1 at 2015-03-16 10:58:41 -0400


Started GET "/assets/jquery-87424c3c19e96d4fb033c10ebe21ec40.js?body=1" for ::1 at 2015-03-16 10:58:41 -0400


Started GET "/assets/application-001948a807d6467a657420955d9f0c1c.js?body=1" for ::1 at 2015-03-16 10:58:41 -0400


Started GET "/" for ::1 at 2015-03-16 10:58:42 -0400
Processing by StaticController#home as HTML
  Rendered static/home.html.erb within layouts/application (0.0ms)
Completed 200 OK in 50ms (Views: 49.3ms | ActiveRecord: 0.0ms)


Started GET "/assets/application-5266d2988799ecc8fe6e81eaab412e7d.css?body=1" for ::1 at 2015-03-16 10:58:42 -0400


Started GET "/assets/static-64e62ddc273c2f5847f30d698ca14b67.css?body=1" for ::1 at 2015-03-16 10:58:42 -0400


Started GET "/assets/jquery_ujs-e27bd20a10d28155845a22d71ef94f2f.js?body=1" for ::1 at 2015-03-16 10:58:42 -0400


Started GET "/assets/jquery-87424c3c19e96d4fb033c10ebe21ec40.js?body=1" for ::1 at 2015-03-16 10:58:42 -0400


Started GET "/assets/turbolinks-f87b3583ca50adb0488b031297f5580d.js?body=1" for ::1 at 2015-03-16 10:58:42 -0400


Started GET "/assets/static-fcec5b5a277ac7c20cc9f45a209a3bcd.js?body=1" for ::1 at 2015-03-16 10:58:42 -0400


Started GET "/assets/application-001948a807d6467a657420955d9f0c1c.js?body=1" for ::1 at 2015-03-16 10:58:42 -0400


Started GET "/" for ::1 at 2015-03-16 10:58:50 -0400
Processing by StaticController#home as HTML
  Rendered static/home.html.erb within layouts/application (0.0ms)
Completed 200 OK in 54ms (Views: 54.0ms | ActiveRecord: 0.0ms)


Started GET "/assets/application-5266d2988799ecc8fe6e81eaab412e7d.css?body=1" for ::1 at 2015-03-16 10:58:50 -0400


Started GET "/assets/static-64e62ddc273c2f5847f30d698ca14b67.css?body=1" for ::1 at 2015-03-16 10:58:50 -0400


Started GET "/assets/jquery_ujs-e27bd20a10d28155845a22d71ef94f2f.js?body=1" for ::1 at 2015-03-16 10:58:50 -0400


Started GET "/assets/jquery-87424c3c19e96d4fb033c10ebe21ec40.js?body=1" for ::1 at 2015-03-16 10:58:50 -0400


Started GET "/assets/application-001948a807d6467a657420955d9f0c1c.js?body=1" for ::1 at 2015-03-16 10:58:50 -0400


Started GET "/assets/static-fcec5b5a277ac7c20cc9f45a209a3bcd.js?body=1" for ::1 at 2015-03-16 10:58:50 -0400


Started GET "/assets/turbolinks-f87b3583ca50adb0488b031297f5580d.js?body=1" for ::1 at 2015-03-16 10:58:50 -0400


Started GET "/" for ::1 at 2015-03-16 10:59:40 -0400
Processing by StaticController#home as HTML
  Rendered static/home.html.erb within layouts/application (0.1ms)
Completed 200 OK in 71ms (Views: 70.2ms | ActiveRecord: 0.0ms)


Started GET "/assets/application-5266d2988799ecc8fe6e81eaab412e7d.css?body=1" for ::1 at 2015-03-16 10:59:40 -0400


Started GET "/assets/jquery-87424c3c19e96d4fb033c10ebe21ec40.js?body=1" for ::1 at 2015-03-16 10:59:40 -0400


Started GET "/assets/static-fcec5b5a277ac7c20cc9f45a209a3bcd.js?body=1" for ::1 at 2015-03-16 10:59:40 -0400


Started GET "/assets/application-001948a807d6467a657420955d9f0c1c.js?body=1" for ::1 at 2015-03-16 10:59:40 -0400


Started GET "/assets/static-64e62ddc273c2f5847f30d698ca14b67.css?body=1" for ::1 at 2015-03-16 10:59:40 -0400


Started GET "/assets/jquery_ujs-e27bd20a10d28155845a22d71ef94f2f.js?body=1" for ::1 at 2015-03-16 10:59:40 -0400


Started GET "/assets/turbolinks-f87b3583ca50adb0488b031297f5580d.js?body=1" for ::1 at 2015-03-16 10:59:40 -0400


Started GET "/" for ::1 at 2015-03-16 11:00:10 -0400
Processing by StaticController#home as HTML
  Rendered static/home.html.erb within layouts/application (49.3ms)
Completed 500 Internal Server Error in 52ms

ActionView::Template::Error (undefined local variable or method `cat_pictures_path' for #<#<Class:0x007f80d613f3b8>:0x007f80d35afc98>):
    4: <ul>
    5:   <li><%= link_to 'Home', root_path %></li>
    6:   <li><%= link_to 'About', about_path %></li>
    7:   <li><%= link_to 'Cat Pictures', cat_pictures_path %></li>
    8: </ul>
  app/views/static/home.html.erb:7:in `_app_views_static_home_html_erb___1313785417827291451_70095639227580'


  Rendered /Users/kieraginger/.rbenv/versions/2.1.2/lib/ruby/gems/2.1.0/gems/actionpack-4.2.0/lib/action_dispatch/middleware/templates/rescues/_source.erb (8.5ms)
  Rendered /Users/kieraginger/.rbenv/versions/2.1.2/lib/ruby/gems/2.1.0/gems/actionpack-4.2.0/lib/action_dispatch/middleware/templates/rescues/_trace.html.erb (3.1ms)
  Rendered /Users/kieraginger/.rbenv/versions/2.1.2/lib/ruby/gems/2.1.0/gems/actionpack-4.2.0/lib/action_dispatch/middleware/templates/rescues/_request_and_response.html.erb (1.2ms)
  Rendered /Users/kieraginger/.rbenv/versions/2.1.2/lib/ruby/gems/2.1.0/gems/actionpack-4.2.0/lib/action_dispatch/middleware/templates/rescues/template_error.html.erb within rescues/layout (30.9ms)
  Rendered /Users/kieraginger/.rbenv/versions/2.1.2/lib/ruby/gems/2.1.0/gems/web-console-2.1.2/lib/web_console/templates/_markup.html.erb (0.6ms)
  Rendered /Users/kieraginger/.rbenv/versions/2.1.2/lib/ruby/gems/2.1.0/gems/web-console-2.1.2/lib/web_console/templates/style.css.erb within layouts/inlined_string (0.3ms)
  Rendered /Users/kieraginger/.rbenv/versions/2.1.2/lib/ruby/gems/2.1.0/gems/web-console-2.1.2/lib/web_console/templates/_inner_console_markup.html.erb within layouts/inlined_string (0.3ms)
  Rendered /Users/kieraginger/.rbenv/versions/2.1.2/lib/ruby/gems/2.1.0/gems/web-console-2.1.2/lib/web_console/templates/_prompt_box_markup.html.erb within layouts/inlined_string (0.3ms)
  Rendered /Users/kieraginger/.rbenv/versions/2.1.2/lib/ruby/gems/2.1.0/gems/web-console-2.1.2/lib/web_console/templates/console.js.erb within layouts/javascript (20.8ms)
  Rendered /Users/kieraginger/.rbenv/versions/2.1.2/lib/ruby/gems/2.1.0/gems/web-console-2.1.2/lib/web_console/templates/main.js.erb within layouts/javascript (0.3ms)
  Rendered /Users/kieraginger/.rbenv/versions/2.1.2/lib/ruby/gems/2.1.0/gems/web-console-2.1.2/lib/web_console/templates/error_page.js.erb within layouts/javascript (0.4ms)
  Rendered /Users/kieraginger/.rbenv/versions/2.1.2/lib/ruby/gems/2.1.0/gems/web-console-2.1.2/lib/web_console/templates/index.html.erb (68.6ms)


Started GET "/" for ::1 at 2015-03-16 11:02:14 -0400
Processing by StaticController#home as HTML
  Rendered static/home.html.erb within layouts/application (14.1ms)
Completed 500 Internal Server Error in 53ms

ActionView::Template::Error (undefined local variable or method `cat_path' for #<#<Class:0x007fdebf823188>:0x007fdebf811a50>):
    4: <ul>
    5:   <li><%= link_to 'Home', root_path %></li>
    6:   <li><%= link_to 'About', about_path %></li>
    7:   <li><%= link_to 'Cat Pictures', cat_path %></li>
    8: </ul>
  app/views/static/home.html.erb:7:in `_app_views_static_home_html_erb___3087352545414970700_70297310763920'


  Rendered /Users/kieraginger/.rbenv/versions/2.1.2/lib/ruby/gems/2.1.0/gems/actionpack-4.2.0/lib/action_dispatch/middleware/templates/rescues/_source.erb (8.7ms)
  Rendered /Users/kieraginger/.rbenv/versions/2.1.2/lib/ruby/gems/2.1.0/gems/actionpack-4.2.0/lib/action_dispatch/middleware/templates/rescues/_trace.html.erb (8.8ms)
  Rendered /Users/kieraginger/.rbenv/versions/2.1.2/lib/ruby/gems/2.1.0/gems/actionpack-4.2.0/lib/action_dispatch/middleware/templates/rescues/_request_and_response.html.erb (0.9ms)
  Rendered /Users/kieraginger/.rbenv/versions/2.1.2/lib/ruby/gems/2.1.0/gems/actionpack-4.2.0/lib/action_dispatch/middleware/templates/rescues/template_error.html.erb within rescues/layout (36.0ms)
  Rendered /Users/kieraginger/.rbenv/versions/2.1.2/lib/ruby/gems/2.1.0/gems/web-console-2.1.2/lib/web_console/templates/_markup.html.erb (0.3ms)
  Rendered /Users/kieraginger/.rbenv/versions/2.1.2/lib/ruby/gems/2.1.0/gems/web-console-2.1.2/lib/web_console/templates/style.css.erb within layouts/inlined_string (0.4ms)
  Rendered /Users/kieraginger/.rbenv/versions/2.1.2/lib/ruby/gems/2.1.0/gems/web-console-2.1.2/lib/web_console/templates/_inner_console_markup.html.erb within layouts/inlined_string (0.3ms)
  Rendered /Users/kieraginger/.rbenv/versions/2.1.2/lib/ruby/gems/2.1.0/gems/web-console-2.1.2/lib/web_console/templates/_prompt_box_markup.html.erb within layouts/inlined_string (0.6ms)
  Rendered /Users/kieraginger/.rbenv/versions/2.1.2/lib/ruby/gems/2.1.0/gems/web-console-2.1.2/lib/web_console/templates/console.js.erb within layouts/javascript (18.9ms)
  Rendered /Users/kieraginger/.rbenv/versions/2.1.2/lib/ruby/gems/2.1.0/gems/web-console-2.1.2/lib/web_console/templates/main.js.erb within layouts/javascript (0.3ms)
  Rendered /Users/kieraginger/.rbenv/versions/2.1.2/lib/ruby/gems/2.1.0/gems/web-console-2.1.2/lib/web_console/templates/error_page.js.erb within layouts/javascript (0.4ms)
  Rendered /Users/kieraginger/.rbenv/versions/2.1.2/lib/ruby/gems/2.1.0/gems/web-console-2.1.2/lib/web_console/templates/index.html.erb (42.8ms)


Started GET "/" for ::1 at 2015-03-16 11:07:43 -0400
Processing by StaticController#home as HTML
  Rendered static/home.html.erb within layouts/application (15.1ms)
Completed 200 OK in 313ms (Views: 291.1ms | ActiveRecord: 0.0ms)


Started GET "/assets/static-64e62ddc273c2f5847f30d698ca14b67.css?body=1" for ::1 at 2015-03-16 11:07:44 -0400


Started GET "/assets/application-5266d2988799ecc8fe6e81eaab412e7d.css?body=1" for ::1 at 2015-03-16 11:07:44 -0400


Started GET "/assets/jquery_ujs-e27bd20a10d28155845a22d71ef94f2f.js?body=1" for ::1 at 2015-03-16 11:07:44 -0400


Started GET "/assets/jquery-87424c3c19e96d4fb033c10ebe21ec40.js?body=1" for ::1 at 2015-03-16 11:07:44 -0400


Started GET "/assets/static-fcec5b5a277ac7c20cc9f45a209a3bcd.js?body=1" for ::1 at 2015-03-16 11:07:44 -0400


Started GET "/assets/turbolinks-f87b3583ca50adb0488b031297f5580d.js?body=1" for ::1 at 2015-03-16 11:07:44 -0400


Started GET "/assets/application-001948a807d6467a657420955d9f0c1c.js?body=1" for ::1 at 2015-03-16 11:07:44 -0400


Started GET "/about" for ::1 at 2015-03-16 11:07:46 -0400
Processing by StaticController#about as HTML
  Rendered static/about.html.erb within layouts/application (0.5ms)
Completed 200 OK in 94ms (Views: 93.3ms | ActiveRecord: 0.0ms)


Started GET "/cat-pictures" for ::1 at 2015-03-16 11:07:49 -0400
Processing by StaticController#cats as HTML
Completed 500 Internal Server Error in 1ms

NoMethodError (private method `get' called for #<CatAPI::Client:0x007fbd7856ba20 @defaults={}>):
  app/controllers/static_controller.rb:9:in `cats'


  Rendered /Users/kieraginger/.rbenv/versions/2.1.2/lib/ruby/gems/2.1.0/gems/actionpack-4.2.0/lib/action_dispatch/middleware/templates/rescues/_source.erb (6.0ms)
  Rendered /Users/kieraginger/.rbenv/versions/2.1.2/lib/ruby/gems/2.1.0/gems/actionpack-4.2.0/lib/action_dispatch/middleware/templates/rescues/_trace.html.erb (3.8ms)
  Rendered /Users/kieraginger/.rbenv/versions/2.1.2/lib/ruby/gems/2.1.0/gems/actionpack-4.2.0/lib/action_dispatch/middleware/templates/rescues/_request_and_response.html.erb (1.1ms)
  Rendered /Users/kieraginger/.rbenv/versions/2.1.2/lib/ruby/gems/2.1.0/gems/actionpack-4.2.0/lib/action_dispatch/middleware/templates/rescues/diagnostics.html.erb within rescues/layout (28.5ms)
  Rendered /Users/kieraginger/.rbenv/versions/2.1.2/lib/ruby/gems/2.1.0/gems/web-console-2.1.2/lib/web_console/templates/_markup.html.erb (0.5ms)
  Rendered /Users/kieraginger/.rbenv/versions/2.1.2/lib/ruby/gems/2.1.0/gems/web-console-2.1.2/lib/web_console/templates/style.css.erb within layouts/inlined_string (0.4ms)
  Rendered /Users/kieraginger/.rbenv/versions/2.1.2/lib/ruby/gems/2.1.0/gems/web-console-2.1.2/lib/web_console/templates/_inner_console_markup.html.erb within layouts/inlined_string (0.5ms)
  Rendered /Users/kieraginger/.rbenv/versions/2.1.2/lib/ruby/gems/2.1.0/gems/web-console-2.1.2/lib/web_console/templates/_prompt_box_markup.html.erb within layouts/inlined_string (0.4ms)
  Rendered /Users/kieraginger/.rbenv/versions/2.1.2/lib/ruby/gems/2.1.0/gems/web-console-2.1.2/lib/web_console/templates/console.js.erb within layouts/javascript (21.6ms)
  Rendered /Users/kieraginger/.rbenv/versions/2.1.2/lib/ruby/gems/2.1.0/gems/web-console-2.1.2/lib/web_console/templates/main.js.erb within layouts/javascript (0.3ms)
  Rendered /Users/kieraginger/.rbenv/versions/2.1.2/lib/ruby/gems/2.1.0/gems/web-console-2.1.2/lib/web_console/templates/error_page.js.erb within layouts/javascript (0.6ms)
  Rendered /Users/kieraginger/.rbenv/versions/2.1.2/lib/ruby/gems/2.1.0/gems/web-console-2.1.2/lib/web_console/templates/index.html.erb (69.1ms)


Started GET "/cat-pictures" for ::1 at 2015-03-16 11:07:50 -0400
Processing by StaticController#cats as HTML
Completed 500 Internal Server Error in 1ms

NoMethodError (private method `get' called for #<CatAPI::Client:0x007fbd74380e08 @defaults={}>):
  app/controllers/static_controller.rb:9:in `cats'


  Rendered /Users/kieraginger/.rbenv/versions/2.1.2/lib/ruby/gems/2.1.0/gems/actionpack-4.2.0/lib/action_dispatch/middleware/templates/rescues/_source.erb (5.9ms)
  Rendered /Users/kieraginger/.rbenv/versions/2.1.2/lib/ruby/gems/2.1.0/gems/actionpack-4.2.0/lib/action_dispatch/middleware/templates/rescues/_trace.html.erb (2.6ms)
  Rendered /Users/kieraginger/.rbenv/versions/2.1.2/lib/ruby/gems/2.1.0/gems/actionpack-4.2.0/lib/action_dispatch/middleware/templates/rescues/_request_and_response.html.erb (1.0ms)
  Rendered /Users/kieraginger/.rbenv/versions/2.1.2/lib/ruby/gems/2.1.0/gems/actionpack-4.2.0/lib/action_dispatch/middleware/templates/rescues/diagnostics.html.erb within rescues/layout (22.5ms)
  Rendered /Users/kieraginger/.rbenv/versions/2.1.2/lib/ruby/gems/2.1.0/gems/web-console-2.1.2/lib/web_console/templates/_markup.html.erb (0.4ms)
  Rendered /Users/kieraginger/.rbenv/versions/2.1.2/lib/ruby/gems/2.1.0/gems/web-console-2.1.2/lib/web_console/templates/style.css.erb within layouts/inlined_string (0.3ms)
  Rendered /Users/kieraginger/.rbenv/versions/2.1.2/lib/ruby/gems/2.1.0/gems/web-console-2.1.2/lib/web_console/templates/_inner_console_markup.html.erb within layouts/inlined_string (0.3ms)
  Rendered /Users/kieraginger/.rbenv/versions/2.1.2/lib/ruby/gems/2.1.0/gems/web-console-2.1.2/lib/web_console/templates/_prompt_box_markup.html.erb within layouts/inlined_string (0.4ms)
  Rendered /Users/kieraginger/.rbenv/versions/2.1.2/lib/ruby/gems/2.1.0/gems/web-console-2.1.2/lib/web_console/templates/console.js.erb within layouts/javascript (15.8ms)
  Rendered /Users/kieraginger/.rbenv/versions/2.1.2/lib/ruby/gems/2.1.0/gems/web-console-2.1.2/lib/web_console/templates/main.js.erb within layouts/javascript (0.3ms)
  Rendered /Users/kieraginger/.rbenv/versions/2.1.2/lib/ruby/gems/2.1.0/gems/web-console-2.1.2/lib/web_console/templates/error_page.js.erb within layouts/javascript (0.5ms)
  Rendered /Users/kieraginger/.rbenv/versions/2.1.2/lib/ruby/gems/2.1.0/gems/web-console-2.1.2/lib/web_console/templates/index.html.erb (33.7ms)


Started GET "/about" for ::1 at 2015-03-16 11:08:49 -0400
Processing by StaticController#about as HTML
  Rendered static/about.html.erb within layouts/application (0.8ms)
Completed 200 OK in 57ms (Views: 56.8ms | ActiveRecord: 0.0ms)


Started GET "/cat-pictures" for ::1 at 2015-03-16 11:08:51 -0400
Processing by StaticController#cats as HTML
Completed 500 Internal Server Error in 2ms

NoMethodError (private method `get' called for #<CatAPI::Client:0x007fbd785720f0 @defaults={}>):
  app/controllers/static_controller.rb:9:in `cats'


  Rendered /Users/kieraginger/.rbenv/versions/2.1.2/lib/ruby/gems/2.1.0/gems/actionpack-4.2.0/lib/action_dispatch/middleware/templates/rescues/_source.erb (6.4ms)
  Rendered /Users/kieraginger/.rbenv/versions/2.1.2/lib/ruby/gems/2.1.0/gems/actionpack-4.2.0/lib/action_dispatch/middleware/templates/rescues/_trace.html.erb (2.8ms)
  Rendered /Users/kieraginger/.rbenv/versions/2.1.2/lib/ruby/gems/2.1.0/gems/actionpack-4.2.0/lib/action_dispatch/middleware/templates/rescues/_request_and_response.html.erb (0.9ms)
  Rendered /Users/kieraginger/.rbenv/versions/2.1.2/lib/ruby/gems/2.1.0/gems/actionpack-4.2.0/lib/action_dispatch/middleware/templates/rescues/diagnostics.html.erb within rescues/layout (23.0ms)
  Rendered /Users/kieraginger/.rbenv/versions/2.1.2/lib/ruby/gems/2.1.0/gems/web-console-2.1.2/lib/web_console/templates/_markup.html.erb (0.3ms)
  Rendered /Users/kieraginger/.rbenv/versions/2.1.2/lib/ruby/gems/2.1.0/gems/web-console-2.1.2/lib/web_console/templates/style.css.erb within layouts/inlined_string (0.3ms)
  Rendered /Users/kieraginger/.rbenv/versions/2.1.2/lib/ruby/gems/2.1.0/gems/web-console-2.1.2/lib/web_console/templates/_inner_console_markup.html.erb within layouts/inlined_string (0.3ms)
  Rendered /Users/kieraginger/.rbenv/versions/2.1.2/lib/ruby/gems/2.1.0/gems/web-console-2.1.2/lib/web_console/templates/_prompt_box_markup.html.erb within layouts/inlined_string (0.5ms)
  Rendered /Users/kieraginger/.rbenv/versions/2.1.2/lib/ruby/gems/2.1.0/gems/web-console-2.1.2/lib/web_console/templates/console.js.erb within layouts/javascript (15.2ms)
  Rendered /Users/kieraginger/.rbenv/versions/2.1.2/lib/ruby/gems/2.1.0/gems/web-console-2.1.2/lib/web_console/templates/main.js.erb within layouts/javascript (0.3ms)
  Rendered /Users/kieraginger/.rbenv/versions/2.1.2/lib/ruby/gems/2.1.0/gems/web-console-2.1.2/lib/web_console/templates/error_page.js.erb within layouts/javascript (0.4ms)
  Rendered /Users/kieraginger/.rbenv/versions/2.1.2/lib/ruby/gems/2.1.0/gems/web-console-2.1.2/lib/web_console/templates/index.html.erb (33.6ms)


Started GET "/cat-pictures" for ::1 at 2015-03-16 11:08:51 -0400
Processing by StaticController#cats as HTML
Completed 500 Internal Server Error in 1ms

NoMethodError (private method `get' called for #<CatAPI::Client:0x007fbd73c1b960 @defaults={}>):
  app/controllers/static_controller.rb:9:in `cats'


  Rendered /Users/kieraginger/.rbenv/versions/2.1.2/lib/ruby/gems/2.1.0/gems/actionpack-4.2.0/lib/action_dispatch/middleware/templates/rescues/_source.erb (7.1ms)
  Rendered /Users/kieraginger/.rbenv/versions/2.1.2/lib/ruby/gems/2.1.0/gems/actionpack-4.2.0/lib/action_dispatch/middleware/templates/rescues/_trace.html.erb (3.2ms)
  Rendered /Users/kieraginger/.rbenv/versions/2.1.2/lib/ruby/gems/2.1.0/gems/actionpack-4.2.0/lib/action_dispatch/middleware/templates/rescues/_request_and_response.html.erb (0.9ms)
  Rendered /Users/kieraginger/.rbenv/versions/2.1.2/lib/ruby/gems/2.1.0/gems/actionpack-4.2.0/lib/action_dispatch/middleware/templates/rescues/diagnostics.html.erb within rescues/layout (24.7ms)
  Rendered /Users/kieraginger/.rbenv/versions/2.1.2/lib/ruby/gems/2.1.0/gems/web-console-2.1.2/lib/web_console/templates/_markup.html.erb (0.3ms)
  Rendered /Users/kieraginger/.rbenv/versions/2.1.2/lib/ruby/gems/2.1.0/gems/web-console-2.1.2/lib/web_console/templates/style.css.erb within layouts/inlined_string (0.3ms)
  Rendered /Users/kieraginger/.rbenv/versions/2.1.2/lib/ruby/gems/2.1.0/gems/web-console-2.1.2/lib/web_console/templates/_inner_console_markup.html.erb within layouts/inlined_string (0.3ms)
  Rendered /Users/kieraginger/.rbenv/versions/2.1.2/lib/ruby/gems/2.1.0/gems/web-console-2.1.2/lib/web_console/templates/_prompt_box_markup.html.erb within layouts/inlined_string (0.3ms)
  Rendered /Users/kieraginger/.rbenv/versions/2.1.2/lib/ruby/gems/2.1.0/gems/web-console-2.1.2/lib/web_console/templates/console.js.erb within layouts/javascript (17.9ms)
  Rendered /Users/kieraginger/.rbenv/versions/2.1.2/lib/ruby/gems/2.1.0/gems/web-console-2.1.2/lib/web_console/templates/main.js.erb within layouts/javascript (0.3ms)
  Rendered /Users/kieraginger/.rbenv/versions/2.1.2/lib/ruby/gems/2.1.0/gems/web-console-2.1.2/lib/web_console/templates/error_page.js.erb within layouts/javascript (0.4ms)
  Rendered /Users/kieraginger/.rbenv/versions/2.1.2/lib/ruby/gems/2.1.0/gems/web-console-2.1.2/lib/web_console/templates/index.html.erb (35.1ms)


Started GET "/cat-pictures/3" for ::1 at 2015-03-16 11:11:54 -0400
Processing by StaticController#cats as HTML
  Parameters: {"number_of_cats"=>"3"}
Completed 500 Internal Server Error in 1ms

NoMethodError (private method `get' called for #<CatAPI::Client:0x007fbd7449b248 @defaults={}>):
  app/controllers/static_controller.rb:9:in `cats'


  Rendered /Users/kieraginger/.rbenv/versions/2.1.2/lib/ruby/gems/2.1.0/gems/actionpack-4.2.0/lib/action_dispatch/middleware/templates/rescues/_source.erb (7.6ms)
  Rendered /Users/kieraginger/.rbenv/versions/2.1.2/lib/ruby/gems/2.1.0/gems/actionpack-4.2.0/lib/action_dispatch/middleware/templates/rescues/_trace.html.erb (2.8ms)
  Rendered /Users/kieraginger/.rbenv/versions/2.1.2/lib/ruby/gems/2.1.0/gems/actionpack-4.2.0/lib/action_dispatch/middleware/templates/rescues/_request_and_response.html.erb (0.9ms)
  Rendered /Users/kieraginger/.rbenv/versions/2.1.2/lib/ruby/gems/2.1.0/gems/actionpack-4.2.0/lib/action_dispatch/middleware/templates/rescues/diagnostics.html.erb within rescues/layout (23.6ms)
  Rendered /Users/kieraginger/.rbenv/versions/2.1.2/lib/ruby/gems/2.1.0/gems/web-console-2.1.2/lib/web_console/templates/_markup.html.erb (0.3ms)
  Rendered /Users/kieraginger/.rbenv/versions/2.1.2/lib/ruby/gems/2.1.0/gems/web-console-2.1.2/lib/web_console/templates/style.css.erb within layouts/inlined_string (0.3ms)
  Rendered /Users/kieraginger/.rbenv/versions/2.1.2/lib/ruby/gems/2.1.0/gems/web-console-2.1.2/lib/web_console/templates/_inner_console_markup.html.erb within layouts/inlined_string (0.4ms)
  Rendered /Users/kieraginger/.rbenv/versions/2.1.2/lib/ruby/gems/2.1.0/gems/web-console-2.1.2/lib/web_console/templates/_prompt_box_markup.html.erb within layouts/inlined_string (0.3ms)
  Rendered /Users/kieraginger/.rbenv/versions/2.1.2/lib/ruby/gems/2.1.0/gems/web-console-2.1.2/lib/web_console/templates/console.js.erb within layouts/javascript (15.9ms)
  Rendered /Users/kieraginger/.rbenv/versions/2.1.2/lib/ruby/gems/2.1.0/gems/web-console-2.1.2/lib/web_console/templates/main.js.erb within layouts/javascript (0.4ms)
  Rendered /Users/kieraginger/.rbenv/versions/2.1.2/lib/ruby/gems/2.1.0/gems/web-console-2.1.2/lib/web_console/templates/error_page.js.erb within layouts/javascript (0.4ms)
  Rendered /Users/kieraginger/.rbenv/versions/2.1.2/lib/ruby/gems/2.1.0/gems/web-console-2.1.2/lib/web_console/templates/index.html.erb (32.6ms)


Started GET "/" for ::1 at 2015-03-16 11:12:08 -0400
Processing by StaticController#home as HTML
  Rendered static/home.html.erb within layouts/application (0.5ms)
Completed 200 OK in 87ms (Views: 86.2ms | ActiveRecord: 0.0ms)


Started GET "/assets/static-64e62ddc273c2f5847f30d698ca14b67.css?body=1" for ::1 at 2015-03-16 11:12:09 -0400


Started GET "/assets/turbolinks-f87b3583ca50adb0488b031297f5580d.js?body=1" for ::1 at 2015-03-16 11:12:09 -0400


Started GET "/assets/static-fcec5b5a277ac7c20cc9f45a209a3bcd.js?body=1" for ::1 at 2015-03-16 11:12:09 -0400


Started GET "/assets/application-5266d2988799ecc8fe6e81eaab412e7d.css?body=1" for ::1 at 2015-03-16 11:12:09 -0400


Started GET "/assets/jquery_ujs-e27bd20a10d28155845a22d71ef94f2f.js?body=1" for ::1 at 2015-03-16 11:12:09 -0400


Started GET "/assets/application-001948a807d6467a657420955d9f0c1c.js?body=1" for ::1 at 2015-03-16 11:12:09 -0400


Started GET "/assets/jquery-87424c3c19e96d4fb033c10ebe21ec40.js?body=1" for ::1 at 2015-03-16 11:12:09 -0400


Started GET "/cat-pictures" for ::1 at 2015-03-16 11:12:12 -0400
Processing by StaticController#cats as HTML
Completed 500 Internal Server Error in 1ms

NoMethodError (private method `get' called for #<CatAPI::Client:0x007fbd73af8a88 @defaults={}>):
  app/controllers/static_controller.rb:9:in `cats'


  Rendered /Users/kieraginger/.rbenv/versions/2.1.2/lib/ruby/gems/2.1.0/gems/actionpack-4.2.0/lib/action_dispatch/middleware/templates/rescues/_source.erb (8.9ms)
  Rendered /Users/kieraginger/.rbenv/versions/2.1.2/lib/ruby/gems/2.1.0/gems/actionpack-4.2.0/lib/action_dispatch/middleware/templates/rescues/_trace.html.erb (3.3ms)
  Rendered /Users/kieraginger/.rbenv/versions/2.1.2/lib/ruby/gems/2.1.0/gems/actionpack-4.2.0/lib/action_dispatch/middleware/templates/rescues/_request_and_response.html.erb (1.3ms)
  Rendered /Users/kieraginger/.rbenv/versions/2.1.2/lib/ruby/gems/2.1.0/gems/actionpack-4.2.0/lib/action_dispatch/middleware/templates/rescues/diagnostics.html.erb within rescues/layout (64.2ms)
  Rendered /Users/kieraginger/.rbenv/versions/2.1.2/lib/ruby/gems/2.1.0/gems/web-console-2.1.2/lib/web_console/templates/_markup.html.erb (0.6ms)
  Rendered /Users/kieraginger/.rbenv/versions/2.1.2/lib/ruby/gems/2.1.0/gems/web-console-2.1.2/lib/web_console/templates/style.css.erb within layouts/inlined_string (0.3ms)
  Rendered /Users/kieraginger/.rbenv/versions/2.1.2/lib/ruby/gems/2.1.0/gems/web-console-2.1.2/lib/web_console/templates/_inner_console_markup.html.erb within layouts/inlined_string (0.4ms)
  Rendered /Users/kieraginger/.rbenv/versions/2.1.2/lib/ruby/gems/2.1.0/gems/web-console-2.1.2/lib/web_console/templates/_prompt_box_markup.html.erb within layouts/inlined_string (0.4ms)
  Rendered /Users/kieraginger/.rbenv/versions/2.1.2/lib/ruby/gems/2.1.0/gems/web-console-2.1.2/lib/web_console/templates/console.js.erb within layouts/javascript (18.3ms)
  Rendered /Users/kieraginger/.rbenv/versions/2.1.2/lib/ruby/gems/2.1.0/gems/web-console-2.1.2/lib/web_console/templates/main.js.erb within layouts/javascript (0.3ms)
  Rendered /Users/kieraginger/.rbenv/versions/2.1.2/lib/ruby/gems/2.1.0/gems/web-console-2.1.2/lib/web_console/templates/error_page.js.erb within layouts/javascript (0.5ms)
  Rendered /Users/kieraginger/.rbenv/versions/2.1.2/lib/ruby/gems/2.1.0/gems/web-console-2.1.2/lib/web_console/templates/index.html.erb (60.6ms)


Started GET "/cat-pictures" for ::1 at 2015-03-16 11:12:12 -0400
Processing by StaticController#cats as HTML
Completed 500 Internal Server Error in 1ms

NoMethodError (private method `get' called for #<CatAPI::Client:0x007fbd73d049d0 @defaults={}>):
  app/controllers/static_controller.rb:9:in `cats'


  Rendered /Users/kieraginger/.rbenv/versions/2.1.2/lib/ruby/gems/2.1.0/gems/actionpack-4.2.0/lib/action_dispatch/middleware/templates/rescues/_source.erb (6.7ms)
  Rendered /Users/kieraginger/.rbenv/versions/2.1.2/lib/ruby/gems/2.1.0/gems/actionpack-4.2.0/lib/action_dispatch/middleware/templates/rescues/_trace.html.erb (2.6ms)
  Rendered /Users/kieraginger/.rbenv/versions/2.1.2/lib/ruby/gems/2.1.0/gems/actionpack-4.2.0/lib/action_dispatch/middleware/templates/rescues/_request_and_response.html.erb (1.0ms)
  Rendered /Users/kieraginger/.rbenv/versions/2.1.2/lib/ruby/gems/2.1.0/gems/actionpack-4.2.0/lib/action_dispatch/middleware/templates/rescues/diagnostics.html.erb within rescues/layout (21.9ms)
  Rendered /Users/kieraginger/.rbenv/versions/2.1.2/lib/ruby/gems/2.1.0/gems/web-console-2.1.2/lib/web_console/templates/_markup.html.erb (0.4ms)
  Rendered /Users/kieraginger/.rbenv/versions/2.1.2/lib/ruby/gems/2.1.0/gems/web-console-2.1.2/lib/web_console/templates/style.css.erb within layouts/inlined_string (0.4ms)
  Rendered /Users/kieraginger/.rbenv/versions/2.1.2/lib/ruby/gems/2.1.0/gems/web-console-2.1.2/lib/web_console/templates/_inner_console_markup.html.erb within layouts/inlined_string (0.4ms)
  Rendered /Users/kieraginger/.rbenv/versions/2.1.2/lib/ruby/gems/2.1.0/gems/web-console-2.1.2/lib/web_console/templates/_prompt_box_markup.html.erb within layouts/inlined_string (0.3ms)
  Rendered /Users/kieraginger/.rbenv/versions/2.1.2/lib/ruby/gems/2.1.0/gems/web-console-2.1.2/lib/web_console/templates/console.js.erb within layouts/javascript (15.6ms)
  Rendered /Users/kieraginger/.rbenv/versions/2.1.2/lib/ruby/gems/2.1.0/gems/web-console-2.1.2/lib/web_console/templates/main.js.erb within layouts/javascript (0.5ms)
  Rendered /Users/kieraginger/.rbenv/versions/2.1.2/lib/ruby/gems/2.1.0/gems/web-console-2.1.2/lib/web_console/templates/error_page.js.erb within layouts/javascript (0.4ms)
  Rendered /Users/kieraginger/.rbenv/versions/2.1.2/lib/ruby/gems/2.1.0/gems/web-console-2.1.2/lib/web_console/templates/index.html.erb (34.4ms)


Started GET "/cat-pictures" for ::1 at 2015-03-16 11:16:20 -0400
Processing by StaticController#cats as HTML
Completed 500 Internal Server Error in 1ms

NoMethodError (private method `get' called for #<CatAPI::Client:0x007fbd744a8df8 @defaults={}>):
  app/controllers/static_controller.rb:9:in `cats'


  Rendered /Users/kieraginger/.rbenv/versions/2.1.2/lib/ruby/gems/2.1.0/gems/actionpack-4.2.0/lib/action_dispatch/middleware/templates/rescues/_source.erb (6.8ms)
  Rendered /Users/kieraginger/.rbenv/versions/2.1.2/lib/ruby/gems/2.1.0/gems/actionpack-4.2.0/lib/action_dispatch/middleware/templates/rescues/_trace.html.erb (2.7ms)
  Rendered /Users/kieraginger/.rbenv/versions/2.1.2/lib/ruby/gems/2.1.0/gems/actionpack-4.2.0/lib/action_dispatch/middleware/templates/rescues/_request_and_response.html.erb (1.3ms)
  Rendered /Users/kieraginger/.rbenv/versions/2.1.2/lib/ruby/gems/2.1.0/gems/actionpack-4.2.0/lib/action_dispatch/middleware/templates/rescues/diagnostics.html.erb within rescues/layout (22.9ms)
  Rendered /Users/kieraginger/.rbenv/versions/2.1.2/lib/ruby/gems/2.1.0/gems/web-console-2.1.2/lib/web_console/templates/_markup.html.erb (0.5ms)
  Rendered /Users/kieraginger/.rbenv/versions/2.1.2/lib/ruby/gems/2.1.0/gems/web-console-2.1.2/lib/web_console/templates/style.css.erb within layouts/inlined_string (0.5ms)
  Rendered /Users/kieraginger/.rbenv/versions/2.1.2/lib/ruby/gems/2.1.0/gems/web-console-2.1.2/lib/web_console/templates/_inner_console_markup.html.erb within layouts/inlined_string (0.3ms)
  Rendered /Users/kieraginger/.rbenv/versions/2.1.2/lib/ruby/gems/2.1.0/gems/web-console-2.1.2/lib/web_console/templates/_prompt_box_markup.html.erb within layouts/inlined_string (0.3ms)
  Rendered /Users/kieraginger/.rbenv/versions/2.1.2/lib/ruby/gems/2.1.0/gems/web-console-2.1.2/lib/web_console/templates/console.js.erb within layouts/javascript (15.7ms)
  Rendered /Users/kieraginger/.rbenv/versions/2.1.2/lib/ruby/gems/2.1.0/gems/web-console-2.1.2/lib/web_console/templates/main.js.erb within layouts/javascript (0.6ms)
  Rendered /Users/kieraginger/.rbenv/versions/2.1.2/lib/ruby/gems/2.1.0/gems/web-console-2.1.2/lib/web_console/templates/error_page.js.erb within layouts/javascript (0.5ms)
  Rendered /Users/kieraginger/.rbenv/versions/2.1.2/lib/ruby/gems/2.1.0/gems/web-console-2.1.2/lib/web_console/templates/index.html.erb (33.3ms)


Started GET "/" for ::1 at 2015-03-16 11:16:22 -0400
Processing by StaticController#home as HTML
  Rendered static/home.html.erb within layouts/application (0.3ms)
Completed 200 OK in 52ms (Views: 51.6ms | ActiveRecord: 0.0ms)


Started GET "/assets/application-5266d2988799ecc8fe6e81eaab412e7d.css?body=1" for ::1 at 2015-03-16 11:16:22 -0400


Started GET "/assets/static-64e62ddc273c2f5847f30d698ca14b67.css?body=1" for ::1 at 2015-03-16 11:16:22 -0400


Started GET "/assets/jquery_ujs-e27bd20a10d28155845a22d71ef94f2f.js?body=1" for ::1 at 2015-03-16 11:16:22 -0400


Started GET "/assets/turbolinks-f87b3583ca50adb0488b031297f5580d.js?body=1" for ::1 at 2015-03-16 11:16:22 -0400


Started GET "/assets/jquery-87424c3c19e96d4fb033c10ebe21ec40.js?body=1" for ::1 at 2015-03-16 11:16:22 -0400


Started GET "/assets/static-fcec5b5a277ac7c20cc9f45a209a3bcd.js?body=1" for ::1 at 2015-03-16 11:16:22 -0400


Started GET "/assets/application-001948a807d6467a657420955d9f0c1c.js?body=1" for ::1 at 2015-03-16 11:16:22 -0400


Started GET "/about" for ::1 at 2015-03-16 11:16:33 -0400
Processing by StaticController#about as HTML
  Rendered static/about.html.erb within layouts/application (0.5ms)
Completed 200 OK in 49ms (Views: 48.9ms | ActiveRecord: 0.0ms)


Started GET "/" for ::1 at 2015-03-16 11:16:35 -0400
Processing by StaticController#home as HTML
  Rendered static/home.html.erb within layouts/application (0.5ms)
Completed 200 OK in 55ms (Views: 54.6ms | ActiveRecord: 0.0ms)


Started GET "/cat-pictures" for ::1 at 2015-03-16 11:16:37 -0400
Processing by StaticController#cats as HTML
Completed 500 Internal Server Error in 1ms

NoMethodError (private method `get' called for #<CatAPI::Client:0x007fbd760cf2e8 @defaults={}>):
  app/controllers/static_controller.rb:9:in `cats'


  Rendered /Users/kieraginger/.rbenv/versions/2.1.2/lib/ruby/gems/2.1.0/gems/actionpack-4.2.0/lib/action_dispatch/middleware/templates/rescues/_source.erb (6.5ms)
  Rendered /Users/kieraginger/.rbenv/versions/2.1.2/lib/ruby/gems/2.1.0/gems/actionpack-4.2.0/lib/action_dispatch/middleware/templates/rescues/_trace.html.erb (2.5ms)
  Rendered /Users/kieraginger/.rbenv/versions/2.1.2/lib/ruby/gems/2.1.0/gems/actionpack-4.2.0/lib/action_dispatch/middleware/templates/rescues/_request_and_response.html.erb (1.3ms)
  Rendered /Users/kieraginger/.rbenv/versions/2.1.2/lib/ruby/gems/2.1.0/gems/actionpack-4.2.0/lib/action_dispatch/middleware/templates/rescues/diagnostics.html.erb within rescues/layout (23.4ms)
  Rendered /Users/kieraginger/.rbenv/versions/2.1.2/lib/ruby/gems/2.1.0/gems/web-console-2.1.2/lib/web_console/templates/_markup.html.erb (0.3ms)
  Rendered /Users/kieraginger/.rbenv/versions/2.1.2/lib/ruby/gems/2.1.0/gems/web-console-2.1.2/lib/web_console/templates/style.css.erb within layouts/inlined_string (0.3ms)
  Rendered /Users/kieraginger/.rbenv/versions/2.1.2/lib/ruby/gems/2.1.0/gems/web-console-2.1.2/lib/web_console/templates/_inner_console_markup.html.erb within layouts/inlined_string (0.3ms)
  Rendered /Users/kieraginger/.rbenv/versions/2.1.2/lib/ruby/gems/2.1.0/gems/web-console-2.1.2/lib/web_console/templates/_prompt_box_markup.html.erb within layouts/inlined_string (0.3ms)
  Rendered /Users/kieraginger/.rbenv/versions/2.1.2/lib/ruby/gems/2.1.0/gems/web-console-2.1.2/lib/web_console/templates/console.js.erb within layouts/javascript (14.8ms)
  Rendered /Users/kieraginger/.rbenv/versions/2.1.2/lib/ruby/gems/2.1.0/gems/web-console-2.1.2/lib/web_console/templates/main.js.erb within layouts/javascript (0.3ms)
  Rendered /Users/kieraginger/.rbenv/versions/2.1.2/lib/ruby/gems/2.1.0/gems/web-console-2.1.2/lib/web_console/templates/error_page.js.erb within layouts/javascript (0.5ms)
  Rendered /Users/kieraginger/.rbenv/versions/2.1.2/lib/ruby/gems/2.1.0/gems/web-console-2.1.2/lib/web_console/templates/index.html.erb (32.8ms)


Started GET "/cat-pictures" for ::1 at 2015-03-16 11:16:37 -0400
Processing by StaticController#cats as HTML
Completed 500 Internal Server Error in 1ms

NoMethodError (private method `get' called for #<CatAPI::Client:0x007fbd761c9860 @defaults={}>):
  app/controllers/static_controller.rb:9:in `cats'


  Rendered /Users/kieraginger/.rbenv/versions/2.1.2/lib/ruby/gems/2.1.0/gems/actionpack-4.2.0/lib/action_dispatch/middleware/templates/rescues/_source.erb (7.9ms)
  Rendered /Users/kieraginger/.rbenv/versions/2.1.2/lib/ruby/gems/2.1.0/gems/actionpack-4.2.0/lib/action_dispatch/middleware/templates/rescues/_trace.html.erb (2.6ms)
  Rendered /Users/kieraginger/.rbenv/versions/2.1.2/lib/ruby/gems/2.1.0/gems/actionpack-4.2.0/lib/action_dispatch/middleware/templates/rescues/_request_and_response.html.erb (0.9ms)
  Rendered /Users/kieraginger/.rbenv/versions/2.1.2/lib/ruby/gems/2.1.0/gems/actionpack-4.2.0/lib/action_dispatch/middleware/templates/rescues/diagnostics.html.erb within rescues/layout (25.2ms)
  Rendered /Users/kieraginger/.rbenv/versions/2.1.2/lib/ruby/gems/2.1.0/gems/web-console-2.1.2/lib/web_console/templates/_markup.html.erb (0.3ms)
  Rendered /Users/kieraginger/.rbenv/versions/2.1.2/lib/ruby/gems/2.1.0/gems/web-console-2.1.2/lib/web_console/templates/style.css.erb within layouts/inlined_string (0.4ms)
  Rendered /Users/kieraginger/.rbenv/versions/2.1.2/lib/ruby/gems/2.1.0/gems/web-console-2.1.2/lib/web_console/templates/_inner_console_markup.html.erb within layouts/inlined_string (0.4ms)
  Rendered /Users/kieraginger/.rbenv/versions/2.1.2/lib/ruby/gems/2.1.0/gems/web-console-2.1.2/lib/web_console/templates/_prompt_box_markup.html.erb within layouts/inlined_string (0.3ms)
  Rendered /Users/kieraginger/.rbenv/versions/2.1.2/lib/ruby/gems/2.1.0/gems/web-console-2.1.2/lib/web_console/templates/console.js.erb within layouts/javascript (17.7ms)
  Rendered /Users/kieraginger/.rbenv/versions/2.1.2/lib/ruby/gems/2.1.0/gems/web-console-2.1.2/lib/web_console/templates/main.js.erb within layouts/javascript (0.3ms)
  Rendered /Users/kieraginger/.rbenv/versions/2.1.2/lib/ruby/gems/2.1.0/gems/web-console-2.1.2/lib/web_console/templates/error_page.js.erb within layouts/javascript (0.4ms)
  Rendered /Users/kieraginger/.rbenv/versions/2.1.2/lib/ruby/gems/2.1.0/gems/web-console-2.1.2/lib/web_console/templates/index.html.erb (35.0ms)


Started GET "/" for ::1 at 2015-03-16 11:16:39 -0400
Processing by StaticController#home as HTML
  Rendered static/home.html.erb within layouts/application (0.1ms)
Completed 200 OK in 59ms (Views: 58.4ms | ActiveRecord: 0.0ms)


Started GET "/about" for ::1 at 2015-03-16 11:16:40 -0400
Processing by StaticController#about as HTML
  Rendered static/about.html.erb within layouts/application (0.1ms)
Completed 200 OK in 49ms (Views: 48.5ms | ActiveRecord: 0.0ms)


Started GET "/" for ::1 at 2015-03-16 11:16:41 -0400
Processing by StaticController#home as HTML
  Rendered static/home.html.erb within layouts/application (0.1ms)
Completed 200 OK in 53ms (Views: 52.3ms | ActiveRecord: 0.0ms)


Started GET "/" for ::1 at 2015-03-16 11:22:17 -0400
Processing by StaticController#home as HTML
  Rendered static/home.html.erb within layouts/application (0.6ms)
Completed 200 OK in 69ms (Views: 67.8ms | ActiveRecord: 0.0ms)


Started GET "/assets/static-fcec5b5a277ac7c20cc9f45a209a3bcd.js?body=1" for ::1 at 2015-03-16 11:22:17 -0400


Started GET "/assets/turbolinks-f87b3583ca50adb0488b031297f5580d.js?body=1" for ::1 at 2015-03-16 11:22:17 -0400


Started GET "/assets/application-5266d2988799ecc8fe6e81eaab412e7d.css?body=1" for ::1 at 2015-03-16 11:22:17 -0400


Started GET "/assets/static-64e62ddc273c2f5847f30d698ca14b67.css?body=1" for ::1 at 2015-03-16 11:22:17 -0400


Started GET "/assets/jquery_ujs-e27bd20a10d28155845a22d71ef94f2f.js?body=1" for ::1 at 2015-03-16 11:22:17 -0400


Started GET "/assets/jquery-87424c3c19e96d4fb033c10ebe21ec40.js?body=1" for ::1 at 2015-03-16 11:22:17 -0400


Started GET "/assets/application-001948a807d6467a657420955d9f0c1c.js?body=1" for ::1 at 2015-03-16 11:22:17 -0400


Started GET "/" for ::1 at 2015-03-16 11:22:18 -0400
Processing by StaticController#home as HTML
  Rendered static/home.html.erb within layouts/application (0.1ms)
Completed 200 OK in 48ms (Views: 47.4ms | ActiveRecord: 0.0ms)


Started GET "/assets/static-64e62ddc273c2f5847f30d698ca14b67.css?body=1" for ::1 at 2015-03-16 11:22:19 -0400


Started GET "/assets/jquery_ujs-e27bd20a10d28155845a22d71ef94f2f.js?body=1" for ::1 at 2015-03-16 11:22:19 -0400


Started GET "/assets/application-001948a807d6467a657420955d9f0c1c.js?body=1" for ::1 at 2015-03-16 11:22:19 -0400


Started GET "/assets/application-5266d2988799ecc8fe6e81eaab412e7d.css?body=1" for ::1 at 2015-03-16 11:22:19 -0400


Started GET "/assets/jquery-87424c3c19e96d4fb033c10ebe21ec40.js?body=1" for ::1 at 2015-03-16 11:22:19 -0400


Started GET "/assets/static-fcec5b5a277ac7c20cc9f45a209a3bcd.js?body=1" for ::1 at 2015-03-16 11:22:19 -0400


Started GET "/assets/turbolinks-f87b3583ca50adb0488b031297f5580d.js?body=1" for ::1 at 2015-03-16 11:22:19 -0400


Started GET "/" for ::1 at 2015-03-16 11:22:19 -0400
Processing by StaticController#home as HTML
  Rendered static/home.html.erb within layouts/application (0.1ms)
Completed 200 OK in 51ms (Views: 50.3ms | ActiveRecord: 0.0ms)


Started GET "/assets/static-64e62ddc273c2f5847f30d698ca14b67.css?body=1" for ::1 at 2015-03-16 11:22:19 -0400


Started GET "/assets/jquery_ujs-e27bd20a10d28155845a22d71ef94f2f.js?body=1" for ::1 at 2015-03-16 11:22:19 -0400


Started GET "/assets/static-fcec5b5a277ac7c20cc9f45a209a3bcd.js?body=1" for ::1 at 2015-03-16 11:22:19 -0400


Started GET "/assets/application-5266d2988799ecc8fe6e81eaab412e7d.css?body=1" for ::1 at 2015-03-16 11:22:19 -0400


Started GET "/assets/jquery-87424c3c19e96d4fb033c10ebe21ec40.js?body=1" for ::1 at 2015-03-16 11:22:19 -0400


Started GET "/assets/turbolinks-f87b3583ca50adb0488b031297f5580d.js?body=1" for ::1 at 2015-03-16 11:22:19 -0400


Started GET "/assets/application-001948a807d6467a657420955d9f0c1c.js?body=1" for ::1 at 2015-03-16 11:22:19 -0400


Started GET "/" for ::1 at 2015-03-16 11:22:57 -0400
Processing by StaticController#home as HTML
  Rendered static/home.html.erb within layouts/application (0.1ms)
Completed 200 OK in 58ms (Views: 57.2ms | ActiveRecord: 0.0ms)


Started GET "/assets/static-64e62ddc273c2f5847f30d698ca14b67.css?body=1" for ::1 at 2015-03-16 11:22:57 -0400


Started GET "/assets/application-5266d2988799ecc8fe6e81eaab412e7d.css?body=1" for ::1 at 2015-03-16 11:22:57 -0400


Started GET "/assets/jquery-87424c3c19e96d4fb033c10ebe21ec40.js?body=1" for ::1 at 2015-03-16 11:22:57 -0400


Started GET "/assets/turbolinks-f87b3583ca50adb0488b031297f5580d.js?body=1" for ::1 at 2015-03-16 11:22:57 -0400


Started GET "/assets/application-001948a807d6467a657420955d9f0c1c.js?body=1" for ::1 at 2015-03-16 11:22:57 -0400


Started GET "/assets/jquery_ujs-e27bd20a10d28155845a22d71ef94f2f.js?body=1" for ::1 at 2015-03-16 11:22:57 -0400


Started GET "/assets/static-fcec5b5a277ac7c20cc9f45a209a3bcd.js?body=1" for ::1 at 2015-03-16 11:22:57 -0400


Started GET "/" for ::1 at 2015-03-16 11:23:03 -0400
Processing by StaticController#home as HTML
  Rendered static/home.html.erb within layouts/application (0.1ms)
Completed 200 OK in 50ms (Views: 49.4ms | ActiveRecord: 0.0ms)


Started GET "/assets/application-5266d2988799ecc8fe6e81eaab412e7d.css?body=1" for ::1 at 2015-03-16 11:23:03 -0400


Started GET "/assets/static-64e62ddc273c2f5847f30d698ca14b67.css?body=1" for ::1 at 2015-03-16 11:23:03 -0400


Started GET "/assets/static-fcec5b5a277ac7c20cc9f45a209a3bcd.js?body=1" for ::1 at 2015-03-16 11:23:03 -0400


Started GET "/assets/jquery_ujs-e27bd20a10d28155845a22d71ef94f2f.js?body=1" for ::1 at 2015-03-16 11:23:03 -0400


Started GET "/assets/turbolinks-f87b3583ca50adb0488b031297f5580d.js?body=1" for ::1 at 2015-03-16 11:23:03 -0400


Started GET "/assets/jquery-87424c3c19e96d4fb033c10ebe21ec40.js?body=1" for ::1 at 2015-03-16 11:23:03 -0400


Started GET "/assets/application-001948a807d6467a657420955d9f0c1c.js?body=1" for ::1 at 2015-03-16 11:23:03 -0400


Started GET "/" for ::1 at 2015-03-16 11:23:04 -0400
Processing by StaticController#home as HTML
  Rendered static/home.html.erb within layouts/application (0.1ms)
Completed 200 OK in 55ms (Views: 54.2ms | ActiveRecord: 0.0ms)


Started GET "/assets/application-5266d2988799ecc8fe6e81eaab412e7d.css?body=1" for ::1 at 2015-03-16 11:23:04 -0400


Started GET "/assets/static-64e62ddc273c2f5847f30d698ca14b67.css?body=1" for ::1 at 2015-03-16 11:23:04 -0400


Started GET "/assets/static-fcec5b5a277ac7c20cc9f45a209a3bcd.js?body=1" for ::1 at 2015-03-16 11:23:04 -0400


Started GET "/assets/jquery-87424c3c19e96d4fb033c10ebe21ec40.js?body=1" for ::1 at 2015-03-16 11:23:04 -0400


Started GET "/assets/turbolinks-f87b3583ca50adb0488b031297f5580d.js?body=1" for ::1 at 2015-03-16 11:23:04 -0400


Started GET "/assets/jquery_ujs-e27bd20a10d28155845a22d71ef94f2f.js?body=1" for ::1 at 2015-03-16 11:23:04 -0400


Started GET "/assets/application-001948a807d6467a657420955d9f0c1c.js?body=1" for ::1 at 2015-03-16 11:23:04 -0400


Started GET "/" for ::1 at 2015-03-16 11:23:57 -0400
Processing by StaticController#home as HTML
  Rendered static/home.html.erb within layouts/application (0.6ms)
Completed 200 OK in 50ms (Views: 49.6ms | ActiveRecord: 0.0ms)


Started GET "/assets/application-5266d2988799ecc8fe6e81eaab412e7d.css?body=1" for ::1 at 2015-03-16 11:23:57 -0400


Started GET "/assets/static-64e62ddc273c2f5847f30d698ca14b67.css?body=1" for ::1 at 2015-03-16 11:23:57 -0400


Started GET "/assets/jquery-87424c3c19e96d4fb033c10ebe21ec40.js?body=1" for ::1 at 2015-03-16 11:23:57 -0400


Started GET "/assets/static-fcec5b5a277ac7c20cc9f45a209a3bcd.js?body=1" for ::1 at 2015-03-16 11:23:57 -0400


Started GET "/assets/turbolinks-f87b3583ca50adb0488b031297f5580d.js?body=1" for ::1 at 2015-03-16 11:23:57 -0400


Started GET "/assets/jquery_ujs-e27bd20a10d28155845a22d71ef94f2f.js?body=1" for ::1 at 2015-03-16 11:23:57 -0400


Started GET "/assets/application-001948a807d6467a657420955d9f0c1c.js?body=1" for ::1 at 2015-03-16 11:23:57 -0400


Started GET "/" for ::1 at 2015-03-16 11:24:02 -0400
Processing by StaticController#home as HTML
  Rendered static/home.html.erb within layouts/application (0.5ms)
Completed 200 OK in 54ms (Views: 53.8ms | ActiveRecord: 0.0ms)


Started GET "/assets/static-64e62ddc273c2f5847f30d698ca14b67.css?body=1" for ::1 at 2015-03-16 11:24:02 -0400


Started GET "/assets/static-fcec5b5a277ac7c20cc9f45a209a3bcd.js?body=1" for ::1 at 2015-03-16 11:24:02 -0400


Started GET "/assets/application-5266d2988799ecc8fe6e81eaab412e7d.css?body=1" for ::1 at 2015-03-16 11:24:02 -0400


Started GET "/assets/jquery_ujs-e27bd20a10d28155845a22d71ef94f2f.js?body=1" for ::1 at 2015-03-16 11:24:02 -0400


Started GET "/assets/jquery-87424c3c19e96d4fb033c10ebe21ec40.js?body=1" for ::1 at 2015-03-16 11:24:02 -0400


Started GET "/assets/turbolinks-f87b3583ca50adb0488b031297f5580d.js?body=1" for ::1 at 2015-03-16 11:24:02 -0400


Started GET "/assets/application-001948a807d6467a657420955d9f0c1c.js?body=1" for ::1 at 2015-03-16 11:24:02 -0400


Started GET "/" for ::1 at 2015-03-16 11:24:43 -0400
Processing by StaticController#home as HTML
  Rendered static/home.html.erb within layouts/application (0.2ms)
Completed 200 OK in 79ms (Views: 78.0ms | ActiveRecord: 0.0ms)


Started GET "/assets/application-5266d2988799ecc8fe6e81eaab412e7d.css?body=1" for ::1 at 2015-03-16 11:24:43 -0400


Started GET "/assets/jquery_ujs-e27bd20a10d28155845a22d71ef94f2f.js?body=1" for ::1 at 2015-03-16 11:24:43 -0400


Started GET "/assets/jquery-87424c3c19e96d4fb033c10ebe21ec40.js?body=1" for ::1 at 2015-03-16 11:24:43 -0400


Started GET "/assets/turbolinks-f87b3583ca50adb0488b031297f5580d.js?body=1" for ::1 at 2015-03-16 11:24:43 -0400


Started GET "/assets/application-001948a807d6467a657420955d9f0c1c.js?body=1" for ::1 at 2015-03-16 11:24:43 -0400


Started GET "/assets/static-fcec5b5a277ac7c20cc9f45a209a3bcd.js?body=1" for ::1 at 2015-03-16 11:24:43 -0400


Started GET "/assets/static-64e62ddc273c2f5847f30d698ca14b67.css?body=1" for ::1 at 2015-03-16 11:24:43 -0400


Started GET "/" for ::1 at 2015-03-16 11:24:44 -0400
Processing by StaticController#home as HTML
  Rendered static/home.html.erb within layouts/application (0.1ms)
Completed 200 OK in 49ms (Views: 48.5ms | ActiveRecord: 0.0ms)


Started GET "/assets/application-5266d2988799ecc8fe6e81eaab412e7d.css?body=1" for ::1 at 2015-03-16 11:24:45 -0400


Started GET "/assets/turbolinks-f87b3583ca50adb0488b031297f5580d.js?body=1" for ::1 at 2015-03-16 11:24:45 -0400


Started GET "/assets/jquery_ujs-e27bd20a10d28155845a22d71ef94f2f.js?body=1" for ::1 at 2015-03-16 11:24:45 -0400


Started GET "/assets/jquery-87424c3c19e96d4fb033c10ebe21ec40.js?body=1" for ::1 at 2015-03-16 11:24:45 -0400


Started GET "/assets/application-001948a807d6467a657420955d9f0c1c.js?body=1" for ::1 at 2015-03-16 11:24:45 -0400


Started GET "/assets/static-fcec5b5a277ac7c20cc9f45a209a3bcd.js?body=1" for ::1 at 2015-03-16 11:24:45 -0400


Started GET "/assets/static-64e62ddc273c2f5847f30d698ca14b67.css?body=1" for ::1 at 2015-03-16 11:24:45 -0400


Started GET "/" for ::1 at 2015-03-16 11:25:28 -0400
Processing by StaticController#home as HTML
  Rendered static/home.html.erb within layouts/application (0.1ms)
Completed 200 OK in 176ms (Views: 175.9ms | ActiveRecord: 0.0ms)


Started GET "/assets/application-1d657f846fb9856b511231797a371f70.css?body=1" for ::1 at 2015-03-16 11:25:28 -0400


Started GET "/assets/jquery_ujs-e27bd20a10d28155845a22d71ef94f2f.js?body=1" for ::1 at 2015-03-16 11:25:28 -0400


Started GET "/assets/jquery-87424c3c19e96d4fb033c10ebe21ec40.js?body=1" for ::1 at 2015-03-16 11:25:28 -0400


Started GET "/assets/turbolinks-f87b3583ca50adb0488b031297f5580d.js?body=1" for ::1 at 2015-03-16 11:25:28 -0400


Started GET "/assets/static-fcec5b5a277ac7c20cc9f45a209a3bcd.js?body=1" for ::1 at 2015-03-16 11:25:29 -0400


Started GET "/assets/static-b895fb12d1acd96e66b581e3c2bd7d59.css?body=1" for ::1 at 2015-03-16 11:25:29 -0400


Started GET "/assets/application-001948a807d6467a657420955d9f0c1c.js?body=1" for ::1 at 2015-03-16 11:25:29 -0400


Started GET "/" for ::1 at 2015-03-16 11:26:46 -0400
Processing by StaticController#home as HTML
  Rendered static/home.html.erb within layouts/application (0.1ms)
Completed 200 OK in 84ms (Views: 83.2ms | ActiveRecord: 0.0ms)


Started GET "/assets/static-0e2bfdd4b652799dfd9c36ffc9788ce9.css?body=1" for ::1 at 2015-03-16 11:26:46 -0400


Started GET "/assets/application-df557f627b6d0bb743e6bd758eb2d5d5.css?body=1" for ::1 at 2015-03-16 11:26:46 -0400


Started GET "/assets/turbolinks-f87b3583ca50adb0488b031297f5580d.js?body=1" for ::1 at 2015-03-16 11:26:46 -0400


Started GET "/assets/jquery_ujs-e27bd20a10d28155845a22d71ef94f2f.js?body=1" for ::1 at 2015-03-16 11:26:46 -0400


Started GET "/assets/static-fcec5b5a277ac7c20cc9f45a209a3bcd.js?body=1" for ::1 at 2015-03-16 11:26:46 -0400


Started GET "/assets/jquery-87424c3c19e96d4fb033c10ebe21ec40.js?body=1" for ::1 at 2015-03-16 11:26:46 -0400


Started GET "/assets/application-001948a807d6467a657420955d9f0c1c.js?body=1" for ::1 at 2015-03-16 11:26:46 -0400


Started GET "/" for ::1 at 2015-03-16 11:26:47 -0400
Processing by StaticController#home as HTML
  Rendered static/home.html.erb within layouts/application (0.1ms)
Completed 200 OK in 51ms (Views: 50.1ms | ActiveRecord: 0.0ms)


Started GET "/assets/static-0e2bfdd4b652799dfd9c36ffc9788ce9.css?body=1" for ::1 at 2015-03-16 11:26:47 -0400


Started GET "/assets/application-df557f627b6d0bb743e6bd758eb2d5d5.css?body=1" for ::1 at 2015-03-16 11:26:47 -0400


Started GET "/assets/jquery_ujs-e27bd20a10d28155845a22d71ef94f2f.js?body=1" for ::1 at 2015-03-16 11:26:47 -0400


Started GET "/assets/turbolinks-f87b3583ca50adb0488b031297f5580d.js?body=1" for ::1 at 2015-03-16 11:26:47 -0400


Started GET "/assets/jquery-87424c3c19e96d4fb033c10ebe21ec40.js?body=1" for ::1 at 2015-03-16 11:26:47 -0400


Started GET "/assets/static-fcec5b5a277ac7c20cc9f45a209a3bcd.js?body=1" for ::1 at 2015-03-16 11:26:47 -0400


Started GET "/assets/application-001948a807d6467a657420955d9f0c1c.js?body=1" for ::1 at 2015-03-16 11:26:47 -0400


Started GET "/" for ::1 at 2015-03-16 11:26:59 -0400
Processing by StaticController#home as HTML
  Rendered static/home.html.erb within layouts/application (0.5ms)
Completed 200 OK in 53ms (Views: 52.3ms | ActiveRecord: 0.0ms)


Started GET "/about" for ::1 at 2015-03-16 11:26:59 -0400
Processing by StaticController#about as HTML
  Rendered static/about.html.erb within layouts/application (0.1ms)
Completed 200 OK in 90ms (Views: 89.4ms | ActiveRecord: 0.0ms)


Started GET "/" for ::1 at 2015-03-16 11:27:01 -0400
Processing by StaticController#home as HTML
  Rendered static/home.html.erb within layouts/application (0.1ms)
Completed 200 OK in 49ms (Views: 48.0ms | ActiveRecord: 0.0ms)


Started GET "/cat-pictures" for ::1 at 2015-03-16 11:27:31 -0400
Processing by StaticController#cats as HTML
Completed 500 Internal Server Error in 1ms

NoMethodError (private method `get' called for #<CatAPI::Client:0x007fbd746e29e8 @defaults={}>):
  app/controllers/static_controller.rb:9:in `cats'


  Rendered /Users/kieraginger/.rbenv/versions/2.1.2/lib/ruby/gems/2.1.0/gems/actionpack-4.2.0/lib/action_dispatch/middleware/templates/rescues/_source.erb (7.3ms)
  Rendered /Users/kieraginger/.rbenv/versions/2.1.2/lib/ruby/gems/2.1.0/gems/actionpack-4.2.0/lib/action_dispatch/middleware/templates/rescues/_trace.html.erb (2.7ms)
  Rendered /Users/kieraginger/.rbenv/versions/2.1.2/lib/ruby/gems/2.1.0/gems/actionpack-4.2.0/lib/action_dispatch/middleware/templates/rescues/_request_and_response.html.erb (1.6ms)
  Rendered /Users/kieraginger/.rbenv/versions/2.1.2/lib/ruby/gems/2.1.0/gems/actionpack-4.2.0/lib/action_dispatch/middleware/templates/rescues/diagnostics.html.erb within rescues/layout (26.2ms)
  Rendered /Users/kieraginger/.rbenv/versions/2.1.2/lib/ruby/gems/2.1.0/gems/web-console-2.1.2/lib/web_console/templates/_markup.html.erb (0.6ms)
  Rendered /Users/kieraginger/.rbenv/versions/2.1.2/lib/ruby/gems/2.1.0/gems/web-console-2.1.2/lib/web_console/templates/style.css.erb within layouts/inlined_string (0.4ms)
  Rendered /Users/kieraginger/.rbenv/versions/2.1.2/lib/ruby/gems/2.1.0/gems/web-console-2.1.2/lib/web_console/templates/_inner_console_markup.html.erb within layouts/inlined_string (0.3ms)
  Rendered /Users/kieraginger/.rbenv/versions/2.1.2/lib/ruby/gems/2.1.0/gems/web-console-2.1.2/lib/web_console/templates/_prompt_box_markup.html.erb within layouts/inlined_string (0.3ms)
  Rendered /Users/kieraginger/.rbenv/versions/2.1.2/lib/ruby/gems/2.1.0/gems/web-console-2.1.2/lib/web_console/templates/console.js.erb within layouts/javascript (17.8ms)
  Rendered /Users/kieraginger/.rbenv/versions/2.1.2/lib/ruby/gems/2.1.0/gems/web-console-2.1.2/lib/web_console/templates/main.js.erb within layouts/javascript (0.3ms)
  Rendered /Users/kieraginger/.rbenv/versions/2.1.2/lib/ruby/gems/2.1.0/gems/web-console-2.1.2/lib/web_console/templates/error_page.js.erb within layouts/javascript (0.4ms)
  Rendered /Users/kieraginger/.rbenv/versions/2.1.2/lib/ruby/gems/2.1.0/gems/web-console-2.1.2/lib/web_console/templates/index.html.erb (39.1ms)


Started GET "/cat-pictures" for ::1 at 2015-03-16 11:27:32 -0400
Processing by StaticController#cats as HTML
Completed 500 Internal Server Error in 1ms

NoMethodError (private method `get' called for #<CatAPI::Client:0x007fbd745c3148 @defaults={}>):
  app/controllers/static_controller.rb:9:in `cats'


  Rendered /Users/kieraginger/.rbenv/versions/2.1.2/lib/ruby/gems/2.1.0/gems/actionpack-4.2.0/lib/action_dispatch/middleware/templates/rescues/_source.erb (7.0ms)
  Rendered /Users/kieraginger/.rbenv/versions/2.1.2/lib/ruby/gems/2.1.0/gems/actionpack-4.2.0/lib/action_dispatch/middleware/templates/rescues/_trace.html.erb (3.6ms)
  Rendered /Users/kieraginger/.rbenv/versions/2.1.2/lib/ruby/gems/2.1.0/gems/actionpack-4.2.0/lib/action_dispatch/middleware/templates/rescues/_request_and_response.html.erb (1.0ms)
  Rendered /Users/kieraginger/.rbenv/versions/2.1.2/lib/ruby/gems/2.1.0/gems/actionpack-4.2.0/lib/action_dispatch/middleware/templates/rescues/diagnostics.html.erb within rescues/layout (25.0ms)
  Rendered /Users/kieraginger/.rbenv/versions/2.1.2/lib/ruby/gems/2.1.0/gems/web-console-2.1.2/lib/web_console/templates/_markup.html.erb (0.3ms)
  Rendered /Users/kieraginger/.rbenv/versions/2.1.2/lib/ruby/gems/2.1.0/gems/web-console-2.1.2/lib/web_console/templates/style.css.erb within layouts/inlined_string (0.2ms)
  Rendered /Users/kieraginger/.rbenv/versions/2.1.2/lib/ruby/gems/2.1.0/gems/web-console-2.1.2/lib/web_console/templates/_inner_console_markup.html.erb within layouts/inlined_string (0.2ms)
  Rendered /Users/kieraginger/.rbenv/versions/2.1.2/lib/ruby/gems/2.1.0/gems/web-console-2.1.2/lib/web_console/templates/_prompt_box_markup.html.erb within layouts/inlined_string (0.2ms)
  Rendered /Users/kieraginger/.rbenv/versions/2.1.2/lib/ruby/gems/2.1.0/gems/web-console-2.1.2/lib/web_console/templates/console.js.erb within layouts/javascript (13.6ms)
  Rendered /Users/kieraginger/.rbenv/versions/2.1.2/lib/ruby/gems/2.1.0/gems/web-console-2.1.2/lib/web_console/templates/main.js.erb within layouts/javascript (0.4ms)
  Rendered /Users/kieraginger/.rbenv/versions/2.1.2/lib/ruby/gems/2.1.0/gems/web-console-2.1.2/lib/web_console/templates/error_page.js.erb within layouts/javascript (0.4ms)
  Rendered /Users/kieraginger/.rbenv/versions/2.1.2/lib/ruby/gems/2.1.0/gems/web-console-2.1.2/lib/web_console/templates/index.html.erb (30.7ms)


Started GET "/cat-pictures" for ::1 at 2015-03-16 11:30:46 -0400
Processing by StaticController#cats as HTML
  Rendered static/cats.html.erb within layouts/application (0.7ms)
Completed 200 OK in 1075ms (Views: 64.1ms | ActiveRecord: 0.0ms)


Started GET "/assets/static-0e2bfdd4b652799dfd9c36ffc9788ce9.css?body=1" for ::1 at 2015-03-16 11:30:47 -0400


Started GET "/assets/application-df557f627b6d0bb743e6bd758eb2d5d5.css?body=1" for ::1 at 2015-03-16 11:30:47 -0400


Started GET "/assets/turbolinks-f87b3583ca50adb0488b031297f5580d.js?body=1" for ::1 at 2015-03-16 11:30:47 -0400


Started GET "/assets/jquery-87424c3c19e96d4fb033c10ebe21ec40.js?body=1" for ::1 at 2015-03-16 11:30:47 -0400


Started GET "/assets/jquery_ujs-e27bd20a10d28155845a22d71ef94f2f.js?body=1" for ::1 at 2015-03-16 11:30:47 -0400


Started GET "/assets/static-fcec5b5a277ac7c20cc9f45a209a3bcd.js?body=1" for ::1 at 2015-03-16 11:30:47 -0400


Started GET "/assets/application-001948a807d6467a657420955d9f0c1c.js?body=1" for ::1 at 2015-03-16 11:30:47 -0400


Started GET "/cat-pictures/3" for ::1 at 2015-03-16 11:30:58 -0400
Processing by StaticController#cats as HTML
  Parameters: {"number_of_cats"=>"3"}
  Rendered static/cats.html.erb within layouts/application (0.1ms)
Completed 200 OK in 760ms (Views: 42.8ms | ActiveRecord: 0.0ms)


Started GET "/assets/static-0e2bfdd4b652799dfd9c36ffc9788ce9.css?body=1" for ::1 at 2015-03-16 11:30:59 -0400


Started GET "/assets/application-df557f627b6d0bb743e6bd758eb2d5d5.css?body=1" for ::1 at 2015-03-16 11:30:59 -0400


Started GET "/assets/jquery_ujs-e27bd20a10d28155845a22d71ef94f2f.js?body=1" for ::1 at 2015-03-16 11:30:59 -0400


Started GET "/assets/jquery-87424c3c19e96d4fb033c10ebe21ec40.js?body=1" for ::1 at 2015-03-16 11:30:59 -0400


Started GET "/assets/turbolinks-f87b3583ca50adb0488b031297f5580d.js?body=1" for ::1 at 2015-03-16 11:30:59 -0400


Started GET "/assets/application-001948a807d6467a657420955d9f0c1c.js?body=1" for ::1 at 2015-03-16 11:30:59 -0400


Started GET "/assets/static-fcec5b5a277ac7c20cc9f45a209a3bcd.js?body=1" for ::1 at 2015-03-16 11:30:59 -0400


Started GET "/cat-pictures/2" for ::1 at 2015-03-16 11:31:09 -0400
Processing by StaticController#cats as HTML
  Parameters: {"number_of_cats"=>"2"}
  Rendered static/cats.html.erb within layouts/application (0.1ms)
Completed 200 OK in 832ms (Views: 47.4ms | ActiveRecord: 0.0ms)


Started GET "/assets/application-df557f627b6d0bb743e6bd758eb2d5d5.css?body=1" for ::1 at 2015-03-16 11:31:10 -0400


Started GET "/assets/jquery-87424c3c19e96d4fb033c10ebe21ec40.js?body=1" for ::1 at 2015-03-16 11:31:10 -0400


Started GET "/assets/static-fcec5b5a277ac7c20cc9f45a209a3bcd.js?body=1" for ::1 at 2015-03-16 11:31:10 -0400


Started GET "/assets/static-0e2bfdd4b652799dfd9c36ffc9788ce9.css?body=1" for ::1 at 2015-03-16 11:31:10 -0400


Started GET "/assets/turbolinks-f87b3583ca50adb0488b031297f5580d.js?body=1" for ::1 at 2015-03-16 11:31:10 -0400


Started GET "/assets/application-001948a807d6467a657420955d9f0c1c.js?body=1" for ::1 at 2015-03-16 11:31:10 -0400


Started GET "/assets/jquery_ujs-e27bd20a10d28155845a22d71ef94f2f.js?body=1" for ::1 at 2015-03-16 11:31:10 -0400


Started GET "/" for ::1 at 2015-03-16 11:31:14 -0400
Processing by StaticController#home as HTML
  Rendered static/home.html.erb within layouts/application (0.1ms)
Completed 200 OK in 47ms (Views: 46.6ms | ActiveRecord: 0.0ms)


Started GET "/" for ::1 at 2015-03-16 11:31:58 -0400
Processing by StaticController#home as HTML
  Rendered static/home.html.erb within layouts/application (0.5ms)
Completed 200 OK in 88ms (Views: 84.2ms | ActiveRecord: 0.0ms)


Started GET "/assets/jquery-87424c3c19e96d4fb033c10ebe21ec40.js?body=1" for ::1 at 2015-03-16 11:31:58 -0400


Started GET "/assets/application-df557f627b6d0bb743e6bd758eb2d5d5.css?body=1" for ::1 at 2015-03-16 11:31:58 -0400


Started GET "/assets/jquery_ujs-e27bd20a10d28155845a22d71ef94f2f.js?body=1" for ::1 at 2015-03-16 11:31:58 -0400


Started GET "/assets/turbolinks-f87b3583ca50adb0488b031297f5580d.js?body=1" for ::1 at 2015-03-16 11:31:58 -0400


Started GET "/assets/static-fcec5b5a277ac7c20cc9f45a209a3bcd.js?body=1" for ::1 at 2015-03-16 11:31:58 -0400


Started GET "/assets/static-0e2bfdd4b652799dfd9c36ffc9788ce9.css?body=1" for ::1 at 2015-03-16 11:31:58 -0400


Started GET "/assets/application-001948a807d6467a657420955d9f0c1c.js?body=1" for ::1 at 2015-03-16 11:31:58 -0400


Started GET "/" for ::1 at 2015-03-16 11:31:59 -0400
Processing by StaticController#home as HTML
  Rendered static/home.html.erb within layouts/application (0.1ms)
Completed 200 OK in 50ms (Views: 49.1ms | ActiveRecord: 0.0ms)


Started GET "/assets/static-0e2bfdd4b652799dfd9c36ffc9788ce9.css?body=1" for ::1 at 2015-03-16 11:31:59 -0400


Started GET "/assets/application-001948a807d6467a657420955d9f0c1c.js?body=1" for ::1 at 2015-03-16 11:31:59 -0400


Started GET "/assets/jquery_ujs-e27bd20a10d28155845a22d71ef94f2f.js?body=1" for ::1 at 2015-03-16 11:31:59 -0400


Started GET "/assets/application-df557f627b6d0bb743e6bd758eb2d5d5.css?body=1" for ::1 at 2015-03-16 11:31:59 -0400


Started GET "/assets/jquery-87424c3c19e96d4fb033c10ebe21ec40.js?body=1" for ::1 at 2015-03-16 11:31:59 -0400


Started GET "/assets/turbolinks-f87b3583ca50adb0488b031297f5580d.js?body=1" for ::1 at 2015-03-16 11:31:59 -0400


Started GET "/assets/static-fcec5b5a277ac7c20cc9f45a209a3bcd.js?body=1" for ::1 at 2015-03-16 11:31:59 -0400


Started GET "/" for ::1 at 2015-03-16 11:32:25 -0400
Processing by StaticController#home as HTML
  Rendered static/home.html.erb within layouts/application (0.4ms)
Completed 200 OK in 52ms (Views: 51.8ms | ActiveRecord: 0.0ms)


Started GET "/assets/static-0e2bfdd4b652799dfd9c36ffc9788ce9.css?body=1" for ::1 at 2015-03-16 11:32:25 -0400


Started GET "/assets/application-df557f627b6d0bb743e6bd758eb2d5d5.css?body=1" for ::1 at 2015-03-16 11:32:25 -0400


Started GET "/assets/static-fcec5b5a277ac7c20cc9f45a209a3bcd.js?body=1" for ::1 at 2015-03-16 11:32:25 -0400


Started GET "/assets/application-001948a807d6467a657420955d9f0c1c.js?body=1" for ::1 at 2015-03-16 11:32:25 -0400


Started GET "/assets/jquery_ujs-e27bd20a10d28155845a22d71ef94f2f.js?body=1" for ::1 at 2015-03-16 11:32:25 -0400


Started GET "/assets/jquery-87424c3c19e96d4fb033c10ebe21ec40.js?body=1" for ::1 at 2015-03-16 11:32:25 -0400


Started GET "/assets/turbolinks-f87b3583ca50adb0488b031297f5580d.js?body=1" for ::1 at 2015-03-16 11:32:25 -0400


Started GET "/" for ::1 at 2015-03-16 11:32:26 -0400
Processing by StaticController#home as HTML
  Rendered static/home.html.erb within layouts/application (0.1ms)
Completed 200 OK in 46ms (Views: 45.0ms | ActiveRecord: 0.0ms)


Started GET "/assets/static-0e2bfdd4b652799dfd9c36ffc9788ce9.css?body=1" for ::1 at 2015-03-16 11:32:26 -0400


Started GET "/assets/application-df557f627b6d0bb743e6bd758eb2d5d5.css?body=1" for ::1 at 2015-03-16 11:32:26 -0400


Started GET "/assets/turbolinks-f87b3583ca50adb0488b031297f5580d.js?body=1" for ::1 at 2015-03-16 11:32:26 -0400


Started GET "/assets/jquery_ujs-e27bd20a10d28155845a22d71ef94f2f.js?body=1" for ::1 at 2015-03-16 11:32:26 -0400


Started GET "/assets/static-fcec5b5a277ac7c20cc9f45a209a3bcd.js?body=1" for ::1 at 2015-03-16 11:32:26 -0400


Started GET "/assets/jquery-87424c3c19e96d4fb033c10ebe21ec40.js?body=1" for ::1 at 2015-03-16 11:32:26 -0400


Started GET "/assets/application-001948a807d6467a657420955d9f0c1c.js?body=1" for ::1 at 2015-03-16 11:32:26 -0400


Started GET "/" for ::1 at 2015-03-16 11:32:58 -0400
Processing by StaticController#home as HTML
  Rendered static/home.html.erb within layouts/application (0.0ms)
Completed 200 OK in 43ms (Views: 42.5ms | ActiveRecord: 0.0ms)


Started GET "/assets/static-0e2bfdd4b652799dfd9c36ffc9788ce9.css?body=1" for ::1 at 2015-03-16 11:32:58 -0400


Started GET "/assets/jquery-87424c3c19e96d4fb033c10ebe21ec40.js?body=1" for ::1 at 2015-03-16 11:32:58 -0400


Started GET "/assets/application-001948a807d6467a657420955d9f0c1c.js?body=1" for ::1 at 2015-03-16 11:32:58 -0400


Started GET "/assets/application-df557f627b6d0bb743e6bd758eb2d5d5.css?body=1" for ::1 at 2015-03-16 11:32:58 -0400


Started GET "/assets/jquery_ujs-e27bd20a10d28155845a22d71ef94f2f.js?body=1" for ::1 at 2015-03-16 11:32:58 -0400


Started GET "/assets/static-fcec5b5a277ac7c20cc9f45a209a3bcd.js?body=1" for ::1 at 2015-03-16 11:32:58 -0400


Started GET "/assets/turbolinks-f87b3583ca50adb0488b031297f5580d.js?body=1" for ::1 at 2015-03-16 11:32:58 -0400


Started GET "/" for ::1 at 2015-03-16 11:32:59 -0400
Processing by StaticController#home as HTML
  Rendered static/home.html.erb within layouts/application (0.1ms)
Completed 200 OK in 45ms (Views: 44.7ms | ActiveRecord: 0.0ms)


Started GET "/assets/static-0e2bfdd4b652799dfd9c36ffc9788ce9.css?body=1" for ::1 at 2015-03-16 11:32:59 -0400


Started GET "/assets/application-df557f627b6d0bb743e6bd758eb2d5d5.css?body=1" for ::1 at 2015-03-16 11:32:59 -0400


Started GET "/assets/jquery-87424c3c19e96d4fb033c10ebe21ec40.js?body=1" for ::1 at 2015-03-16 11:32:59 -0400


Started GET "/assets/static-fcec5b5a277ac7c20cc9f45a209a3bcd.js?body=1" for ::1 at 2015-03-16 11:32:59 -0400


Started GET "/assets/turbolinks-f87b3583ca50adb0488b031297f5580d.js?body=1" for ::1 at 2015-03-16 11:32:59 -0400


Started GET "/assets/jquery_ujs-e27bd20a10d28155845a22d71ef94f2f.js?body=1" for ::1 at 2015-03-16 11:32:59 -0400


Started GET "/assets/application-001948a807d6467a657420955d9f0c1c.js?body=1" for ::1 at 2015-03-16 11:32:59 -0400


Started GET "/about" for ::1 at 2015-03-16 11:33:39 -0400
Processing by StaticController#about as HTML
  Rendered static/about.html.erb within layouts/application (0.1ms)
Completed 200 OK in 80ms (Views: 79.9ms | ActiveRecord: 0.0ms)


Started GET "/" for ::1 at 2015-03-16 11:33:41 -0400
Processing by StaticController#home as HTML
  Rendered static/home.html.erb within layouts/application (0.5ms)
Completed 200 OK in 52ms (Views: 51.5ms | ActiveRecord: 0.0ms)


Started GET "/cat-pictures" for ::1 at 2015-03-16 11:33:42 -0400
Processing by StaticController#cats as HTML
  Rendered static/cats.html.erb within layouts/application (0.6ms)
Completed 200 OK in 780ms (Views: 49.0ms | ActiveRecord: 0.0ms)


Started GET "/" for ::1 at 2015-03-16 11:33:48 -0400
Processing by StaticController#home as HTML
  Rendered static/home.html.erb within layouts/application (0.1ms)
Completed 200 OK in 46ms (Views: 45.5ms | ActiveRecord: 0.0ms)


Started GET "/" for ::1 at 2015-03-16 11:37:10 -0400
Processing by StaticController#home as HTML
  Rendered static/home.html.erb within layouts/application (0.4ms)
Completed 200 OK in 59ms (Views: 58.7ms | ActiveRecord: 0.0ms)


Started GET "/assets/application-df557f627b6d0bb743e6bd758eb2d5d5.css?body=1" for ::1 at 2015-03-16 11:37:10 -0400


Started GET "/assets/static-0e2bfdd4b652799dfd9c36ffc9788ce9.css?body=1" for ::1 at 2015-03-16 11:37:10 -0400


Started GET "/assets/jquery-87424c3c19e96d4fb033c10ebe21ec40.js?body=1" for ::1 at 2015-03-16 11:37:10 -0400


Started GET "/assets/jquery_ujs-e27bd20a10d28155845a22d71ef94f2f.js?body=1" for ::1 at 2015-03-16 11:37:10 -0400


Started GET "/assets/static-fcec5b5a277ac7c20cc9f45a209a3bcd.js?body=1" for ::1 at 2015-03-16 11:37:10 -0400


Started GET "/assets/turbolinks-f87b3583ca50adb0488b031297f5580d.js?body=1" for ::1 at 2015-03-16 11:37:10 -0400


Started GET "/assets/application-001948a807d6467a657420955d9f0c1c.js?body=1" for ::1 at 2015-03-16 11:37:10 -0400


Started GET "/" for ::1 at 2015-03-16 11:37:11 -0400
Processing by StaticController#home as HTML
  Rendered static/home.html.erb within layouts/application (0.1ms)
Completed 200 OK in 43ms (Views: 42.9ms | ActiveRecord: 0.0ms)


Started GET "/assets/static-0e2bfdd4b652799dfd9c36ffc9788ce9.css?body=1" for ::1 at 2015-03-16 11:37:11 -0400


Started GET "/assets/application-df557f627b6d0bb743e6bd758eb2d5d5.css?body=1" for ::1 at 2015-03-16 11:37:11 -0400


Started GET "/assets/turbolinks-f87b3583ca50adb0488b031297f5580d.js?body=1" for ::1 at 2015-03-16 11:37:11 -0400


Started GET "/assets/jquery_ujs-e27bd20a10d28155845a22d71ef94f2f.js?body=1" for ::1 at 2015-03-16 11:37:11 -0400


Started GET "/assets/static-fcec5b5a277ac7c20cc9f45a209a3bcd.js?body=1" for ::1 at 2015-03-16 11:37:11 -0400


Started GET "/assets/jquery-87424c3c19e96d4fb033c10ebe21ec40.js?body=1" for ::1 at 2015-03-16 11:37:11 -0400


Started GET "/assets/application-001948a807d6467a657420955d9f0c1c.js?body=1" for ::1 at 2015-03-16 11:37:11 -0400


Started GET "/about" for ::1 at 2015-03-16 11:37:12 -0400
Processing by StaticController#about as HTML
  Rendered static/about.html.erb within layouts/application (0.4ms)
Completed 200 OK in 59ms (Views: 58.8ms | ActiveRecord: 0.0ms)


Started GET "/cat-pictures" for ::1 at 2015-03-16 11:37:13 -0400
Processing by StaticController#cats as HTML
  Rendered static/cats.html.erb within layouts/application (0.6ms)
Completed 200 OK in 787ms (Views: 62.3ms | ActiveRecord: 0.0ms)


Started GET "/" for ::1 at 2015-03-16 11:37:19 -0400
Processing by StaticController#home as HTML
  Rendered static/home.html.erb within layouts/application (0.5ms)
Completed 200 OK in 57ms (Views: 56.1ms | ActiveRecord: 0.0ms)


Started GET "/" for ::1 at 2015-03-16 11:37:52 -0400
Processing by StaticController#home as HTML
  Rendered static/home.html.erb within layouts/application (0.1ms)
Completed 200 OK in 48ms (Views: 47.4ms | ActiveRecord: 0.0ms)


Started GET "/assets/static-0e2bfdd4b652799dfd9c36ffc9788ce9.css?body=1" for ::1 at 2015-03-16 11:37:52 -0400


Started GET "/assets/application-df557f627b6d0bb743e6bd758eb2d5d5.css?body=1" for ::1 at 2015-03-16 11:37:52 -0400


Started GET "/assets/turbolinks-f87b3583ca50adb0488b031297f5580d.js?body=1" for ::1 at 2015-03-16 11:37:52 -0400


Started GET "/assets/jquery-87424c3c19e96d4fb033c10ebe21ec40.js?body=1" for ::1 at 2015-03-16 11:37:52 -0400


Started GET "/assets/static-fcec5b5a277ac7c20cc9f45a209a3bcd.js?body=1" for ::1 at 2015-03-16 11:37:52 -0400


Started GET "/assets/jquery_ujs-e27bd20a10d28155845a22d71ef94f2f.js?body=1" for ::1 at 2015-03-16 11:37:52 -0400


Started GET "/assets/application-001948a807d6467a657420955d9f0c1c.js?body=1" for ::1 at 2015-03-16 11:37:52 -0400


Started GET "/cat-pictures" for ::1 at 2015-03-16 11:37:54 -0400
Processing by StaticController#cats as HTML
  Rendered static/cats.html.erb within layouts/application (0.6ms)
Completed 200 OK in 1177ms (Views: 41.8ms | ActiveRecord: 0.0ms)


Started GET "/cat-pictures" for ::1 at 2015-03-16 11:38:03 -0400
Processing by StaticController#cats as HTML
  Rendered static/cats.html.erb within layouts/application (0.6ms)
Completed 200 OK in 820ms (Views: 46.9ms | ActiveRecord: 0.0ms)


Started GET "/assets/application-df557f627b6d0bb743e6bd758eb2d5d5.css?body=1" for ::1 at 2015-03-16 11:38:04 -0400


Started GET "/assets/static-0e2bfdd4b652799dfd9c36ffc9788ce9.css?body=1" for ::1 at 2015-03-16 11:38:04 -0400


Started GET "/assets/jquery-87424c3c19e96d4fb033c10ebe21ec40.js?body=1" for ::1 at 2015-03-16 11:38:04 -0400


Started GET "/assets/static-fcec5b5a277ac7c20cc9f45a209a3bcd.js?body=1" for ::1 at 2015-03-16 11:38:04 -0400


Started GET "/assets/turbolinks-f87b3583ca50adb0488b031297f5580d.js?body=1" for ::1 at 2015-03-16 11:38:04 -0400


Started GET "/assets/jquery_ujs-e27bd20a10d28155845a22d71ef94f2f.js?body=1" for ::1 at 2015-03-16 11:38:04 -0400


Started GET "/assets/application-001948a807d6467a657420955d9f0c1c.js?body=1" for ::1 at 2015-03-16 11:38:04 -0400


Started GET "/" for ::1 at 2015-03-16 11:38:06 -0400
Processing by StaticController#home as HTML
  Rendered static/home.html.erb within layouts/application (0.1ms)
Completed 200 OK in 45ms (Views: 44.5ms | ActiveRecord: 0.0ms)


Started GET "/" for ::1 at 2015-03-16 12:10:13 -0400
Processing by StaticController#home as HTML
  Rendered static/home.html.erb within layouts/application (2.6ms)
Completed 200 OK in 635ms (Views: 604.2ms | ActiveRecord: 0.0ms)


Started GET "/assets/static-0e2bfdd4b652799dfd9c36ffc9788ce9.css?body=1" for ::1 at 2015-03-16 12:10:15 -0400


Started GET "/assets/jquery_ujs-e27bd20a10d28155845a22d71ef94f2f.js?body=1" for ::1 at 2015-03-16 12:10:15 -0400


Started GET "/assets/application-df557f627b6d0bb743e6bd758eb2d5d5.css?body=1" for ::1 at 2015-03-16 12:10:15 -0400


Started GET "/assets/static-fcec5b5a277ac7c20cc9f45a209a3bcd.js?body=1" for ::1 at 2015-03-16 12:10:15 -0400


Started GET "/assets/turbolinks-f87b3583ca50adb0488b031297f5580d.js?body=1" for ::1 at 2015-03-16 12:10:15 -0400


Started GET "/assets/jquery-87424c3c19e96d4fb033c10ebe21ec40.js?body=1" for ::1 at 2015-03-16 12:10:15 -0400


Started GET "/assets/application-001948a807d6467a657420955d9f0c1c.js?body=1" for ::1 at 2015-03-16 12:10:15 -0400


Started GET "/" for ::1 at 2015-03-16 12:25:54 -0400
Processing by StaticController#home as HTML
  Rendered static/home.html.erb within layouts/application (17.3ms)
Completed 200 OK in 349ms (Views: 329.3ms | ActiveRecord: 0.0ms)


Started GET "/assets/jquery-87424c3c19e96d4fb033c10ebe21ec40.js?body=1" for ::1 at 2015-03-16 12:25:55 -0400


Started GET "/assets/static-0e2bfdd4b652799dfd9c36ffc9788ce9.css?body=1" for ::1 at 2015-03-16 12:25:55 -0400


Started GET "/assets/application-df557f627b6d0bb743e6bd758eb2d5d5.css?body=1" for ::1 at 2015-03-16 12:25:55 -0400


Started GET "/assets/jquery_ujs-e27bd20a10d28155845a22d71ef94f2f.js?body=1" for ::1 at 2015-03-16 12:25:55 -0400


Started GET "/assets/turbolinks-f87b3583ca50adb0488b031297f5580d.js?body=1" for ::1 at 2015-03-16 12:25:55 -0400


Started GET "/assets/static-fcec5b5a277ac7c20cc9f45a209a3bcd.js?body=1" for ::1 at 2015-03-16 12:25:55 -0400


Started GET "/assets/application-001948a807d6467a657420955d9f0c1c.js?body=1" for ::1 at 2015-03-16 12:25:55 -0400


Started GET "/cat-pictures" for ::1 at 2015-03-16 12:25:57 -0400
Processing by StaticController#cats as HTML
  Rendered static/cats.html.erb within layouts/application (0.6ms)
Completed 200 OK in 765ms (Views: 76.3ms | ActiveRecord: 0.0ms)


Started GET "/" for ::1 at 2015-03-16 12:26:05 -0400
Processing by StaticController#home as HTML
  Rendered static/home.html.erb within layouts/application (0.4ms)
Completed 200 OK in 50ms (Views: 49.1ms | ActiveRecord: 0.0ms)


Started GET "/cat-pictures" for ::1 at 2015-03-16 12:26:14 -0400
Processing by StaticController#cats as HTML
  Rendered static/cats.html.erb within layouts/application (0.1ms)
Completed 200 OK in 1046ms (Views: 58.5ms | ActiveRecord: 0.0ms)


Started GET "/" for ::1 at 2015-03-16 12:26:21 -0400
Processing by StaticController#home as HTML
  Rendered static/home.html.erb within layouts/application (0.1ms)
Completed 200 OK in 55ms (Views: 54.0ms | ActiveRecord: 0.0ms)


Started GET "/about" for ::1 at 2015-03-16 12:26:24 -0400
Processing by StaticController#about as HTML
  Rendered static/about.html.erb within layouts/application (0.4ms)
Completed 200 OK in 77ms (Views: 76.6ms | ActiveRecord: 0.0ms)


Started GET "/cat-pictures" for ::1 at 2015-03-16 12:26:26 -0400
Processing by StaticController#cats as HTML
  Rendered static/cats.html.erb within layouts/application (0.1ms)
Completed 200 OK in 838ms (Views: 59.8ms | ActiveRecord: 0.0ms)


Started GET "/" for ::1 at 2015-03-16 12:26:31 -0400
Processing by StaticController#home as HTML
  Rendered static/home.html.erb within layouts/application (0.1ms)
Completed 200 OK in 49ms (Views: 48.4ms | ActiveRecord: 0.0ms)


Started GET "/" for ::1 at 2015-03-16 12:27:40 -0400
Processing by StaticController#home as HTML
  Rendered static/home.html.erb within layouts/application (0.1ms)
Completed 200 OK in 209ms (Views: 208.9ms | ActiveRecord: 0.0ms)


Started GET "/assets/static-9c60698d2e7f3f37e81162ac52fcdac3.css?body=1" for ::1 at 2015-03-16 12:27:40 -0400


Started GET "/assets/jquery_ujs-e27bd20a10d28155845a22d71ef94f2f.js?body=1" for ::1 at 2015-03-16 12:27:40 -0400


Started GET "/assets/application-610f84645df3e74f8864ed11d34cc775.css?body=1" for ::1 at 2015-03-16 12:27:40 -0400


Started GET "/assets/jquery-87424c3c19e96d4fb033c10ebe21ec40.js?body=1" for ::1 at 2015-03-16 12:27:40 -0400


Started GET "/assets/static-fcec5b5a277ac7c20cc9f45a209a3bcd.js?body=1" for ::1 at 2015-03-16 12:27:40 -0400


Started GET "/assets/application-001948a807d6467a657420955d9f0c1c.js?body=1" for ::1 at 2015-03-16 12:27:40 -0400


Started GET "/assets/turbolinks-f87b3583ca50adb0488b031297f5580d.js?body=1" for ::1 at 2015-03-16 12:27:40 -0400


Started GET "/" for ::1 at 2015-03-16 12:27:41 -0400
Processing by StaticController#home as HTML
  Rendered static/home.html.erb within layouts/application (0.0ms)
Completed 200 OK in 52ms (Views: 51.1ms | ActiveRecord: 0.0ms)


Started GET "/assets/static-9c60698d2e7f3f37e81162ac52fcdac3.css?body=1" for ::1 at 2015-03-16 12:27:41 -0400


Started GET "/assets/static-fcec5b5a277ac7c20cc9f45a209a3bcd.js?body=1" for ::1 at 2015-03-16 12:27:41 -0400


Started GET "/assets/turbolinks-f87b3583ca50adb0488b031297f5580d.js?body=1" for ::1 at 2015-03-16 12:27:41 -0400


Started GET "/assets/application-610f84645df3e74f8864ed11d34cc775.css?body=1" for ::1 at 2015-03-16 12:27:41 -0400


Started GET "/assets/jquery-87424c3c19e96d4fb033c10ebe21ec40.js?body=1" for ::1 at 2015-03-16 12:27:41 -0400


Started GET "/assets/jquery_ujs-e27bd20a10d28155845a22d71ef94f2f.js?body=1" for ::1 at 2015-03-16 12:27:41 -0400


Started GET "/assets/application-001948a807d6467a657420955d9f0c1c.js?body=1" for ::1 at 2015-03-16 12:27:41 -0400


Started GET "/" for ::1 at 2015-03-16 12:27:55 -0400
Processing by StaticController#home as HTML
  Rendered static/home.html.erb within layouts/application (0.1ms)
Completed 200 OK in 79ms (Views: 78.4ms | ActiveRecord: 0.0ms)


Started GET "/assets/static-c48f56df1eb8e20380c2a2ecab005f1d.css?body=1" for ::1 at 2015-03-16 12:27:55 -0400


Started GET "/assets/application-4be067820a2ff909bc9f79ac11b31adc.css?body=1" for ::1 at 2015-03-16 12:27:55 -0400


Started GET "/assets/jquery_ujs-e27bd20a10d28155845a22d71ef94f2f.js?body=1" for ::1 at 2015-03-16 12:27:55 -0400


Started GET "/assets/turbolinks-f87b3583ca50adb0488b031297f5580d.js?body=1" for ::1 at 2015-03-16 12:27:55 -0400


Started GET "/assets/jquery-87424c3c19e96d4fb033c10ebe21ec40.js?body=1" for ::1 at 2015-03-16 12:27:55 -0400


Started GET "/assets/static-fcec5b5a277ac7c20cc9f45a209a3bcd.js?body=1" for ::1 at 2015-03-16 12:27:55 -0400


Started GET "/assets/application-001948a807d6467a657420955d9f0c1c.js?body=1" for ::1 at 2015-03-16 12:27:55 -0400


Started GET "/" for ::1 at 2015-03-16 12:27:56 -0400
Processing by StaticController#home as HTML
  Rendered static/home.html.erb within layouts/application (0.1ms)
Completed 200 OK in 48ms (Views: 47.7ms | ActiveRecord: 0.0ms)


Started GET "/assets/application-4be067820a2ff909bc9f79ac11b31adc.css?body=1" for ::1 at 2015-03-16 12:27:56 -0400


Started GET "/assets/static-c48f56df1eb8e20380c2a2ecab005f1d.css?body=1" for ::1 at 2015-03-16 12:27:56 -0400


Started GET "/assets/turbolinks-f87b3583ca50adb0488b031297f5580d.js?body=1" for ::1 at 2015-03-16 12:27:56 -0400


Started GET "/assets/static-fcec5b5a277ac7c20cc9f45a209a3bcd.js?body=1" for ::1 at 2015-03-16 12:27:56 -0400


Started GET "/assets/jquery_ujs-e27bd20a10d28155845a22d71ef94f2f.js?body=1" for ::1 at 2015-03-16 12:27:56 -0400


Started GET "/assets/jquery-87424c3c19e96d4fb033c10ebe21ec40.js?body=1" for ::1 at 2015-03-16 12:27:56 -0400


Started GET "/assets/application-001948a807d6467a657420955d9f0c1c.js?body=1" for ::1 at 2015-03-16 12:27:56 -0400


Started GET "/" for ::1 at 2015-03-16 12:28:20 -0400
Processing by StaticController#home as HTML
  Rendered static/home.html.erb within layouts/application (0.0ms)
Completed 200 OK in 101ms (Views: 100.3ms | ActiveRecord: 0.0ms)


Started GET "/assets/static-bb88da2f6843948ce517cf5672a96ed8.css?body=1" for ::1 at 2015-03-16 12:28:21 -0400


Started GET "/assets/jquery-87424c3c19e96d4fb033c10ebe21ec40.js?body=1" for ::1 at 2015-03-16 12:28:21 -0400


Started GET "/assets/turbolinks-f87b3583ca50adb0488b031297f5580d.js?body=1" for ::1 at 2015-03-16 12:28:21 -0400


Started GET "/assets/jquery_ujs-e27bd20a10d28155845a22d71ef94f2f.js?body=1" for ::1 at 2015-03-16 12:28:21 -0400


Started GET "/assets/static-fcec5b5a277ac7c20cc9f45a209a3bcd.js?body=1" for ::1 at 2015-03-16 12:28:21 -0400


Started GET "/assets/application-ab097d75acfe0378a20a6de5732cc7cb.css?body=1" for ::1 at 2015-03-16 12:28:21 -0400


Started GET "/assets/application-001948a807d6467a657420955d9f0c1c.js?body=1" for ::1 at 2015-03-16 12:28:21 -0400


Started GET "/" for ::1 at 2015-03-16 12:28:30 -0400
Processing by StaticController#home as HTML
  Rendered static/home.html.erb within layouts/application (0.1ms)
Completed 200 OK in 81ms (Views: 80.6ms | ActiveRecord: 0.0ms)


Started GET "/assets/static-a4dcc45faf6c3f2ecd98d6e753d58882.css?body=1" for ::1 at 2015-03-16 12:28:30 -0400


Started GET "/assets/jquery_ujs-e27bd20a10d28155845a22d71ef94f2f.js?body=1" for ::1 at 2015-03-16 12:28:30 -0400


Started GET "/assets/application-0443b8f97908df6d149b11c8313b4e6d.css?body=1" for ::1 at 2015-03-16 12:28:30 -0400


Started GET "/assets/turbolinks-f87b3583ca50adb0488b031297f5580d.js?body=1" for ::1 at 2015-03-16 12:28:30 -0400


Started GET "/assets/jquery-87424c3c19e96d4fb033c10ebe21ec40.js?body=1" for ::1 at 2015-03-16 12:28:30 -0400


Started GET "/assets/static-fcec5b5a277ac7c20cc9f45a209a3bcd.js?body=1" for ::1 at 2015-03-16 12:28:30 -0400


Started GET "/assets/application-001948a807d6467a657420955d9f0c1c.js?body=1" for ::1 at 2015-03-16 12:28:30 -0400


Started GET "/" for ::1 at 2015-03-16 12:28:31 -0400
Processing by StaticController#home as HTML
  Rendered static/home.html.erb within layouts/application (0.1ms)
Completed 200 OK in 51ms (Views: 49.9ms | ActiveRecord: 0.0ms)


Started GET "/assets/static-a4dcc45faf6c3f2ecd98d6e753d58882.css?body=1" for ::1 at 2015-03-16 12:28:31 -0400


Started GET "/assets/application-0443b8f97908df6d149b11c8313b4e6d.css?body=1" for ::1 at 2015-03-16 12:28:31 -0400


Started GET "/assets/jquery-87424c3c19e96d4fb033c10ebe21ec40.js?body=1" for ::1 at 2015-03-16 12:28:31 -0400


Started GET "/assets/static-fcec5b5a277ac7c20cc9f45a209a3bcd.js?body=1" for ::1 at 2015-03-16 12:28:31 -0400


Started GET "/assets/jquery_ujs-e27bd20a10d28155845a22d71ef94f2f.js?body=1" for ::1 at 2015-03-16 12:28:31 -0400


Started GET "/assets/turbolinks-f87b3583ca50adb0488b031297f5580d.js?body=1" for ::1 at 2015-03-16 12:28:31 -0400


Started GET "/assets/application-001948a807d6467a657420955d9f0c1c.js?body=1" for ::1 at 2015-03-16 12:28:31 -0400


Started GET "/" for ::1 at 2015-03-16 12:28:32 -0400
Processing by StaticController#home as HTML
  Rendered static/home.html.erb within layouts/application (0.0ms)
Completed 200 OK in 55ms (Views: 54.2ms | ActiveRecord: 0.0ms)


Started GET "/assets/static-a4dcc45faf6c3f2ecd98d6e753d58882.css?body=1" for ::1 at 2015-03-16 12:28:32 -0400


Started GET "/assets/application-0443b8f97908df6d149b11c8313b4e6d.css?body=1" for ::1 at 2015-03-16 12:28:32 -0400


Started GET "/assets/turbolinks-f87b3583ca50adb0488b031297f5580d.js?body=1" for ::1 at 2015-03-16 12:28:32 -0400


Started GET "/assets/jquery-87424c3c19e96d4fb033c10ebe21ec40.js?body=1" for ::1 at 2015-03-16 12:28:32 -0400


Started GET "/assets/jquery_ujs-e27bd20a10d28155845a22d71ef94f2f.js?body=1" for ::1 at 2015-03-16 12:28:32 -0400


Started GET "/assets/static-fcec5b5a277ac7c20cc9f45a209a3bcd.js?body=1" for ::1 at 2015-03-16 12:28:32 -0400


Started GET "/assets/application-001948a807d6467a657420955d9f0c1c.js?body=1" for ::1 at 2015-03-16 12:28:32 -0400


Started GET "/" for ::1 at 2015-03-16 12:28:44 -0400
Processing by StaticController#home as HTML
  Rendered static/home.html.erb within layouts/application (0.0ms)
Completed 200 OK in 76ms (Views: 75.2ms | ActiveRecord: 0.0ms)


Started GET "/assets/application-277cb8593d188808f5b51a119612300b.css?body=1" for ::1 at 2015-03-16 12:28:44 -0400


Started GET "/assets/static-112281c2843fc15a9804625bc62eceb4.css?body=1" for ::1 at 2015-03-16 12:28:44 -0400


Started GET "/assets/jquery-87424c3c19e96d4fb033c10ebe21ec40.js?body=1" for ::1 at 2015-03-16 12:28:44 -0400


Started GET "/assets/jquery_ujs-e27bd20a10d28155845a22d71ef94f2f.js?body=1" for ::1 at 2015-03-16 12:28:44 -0400


Started GET "/assets/turbolinks-f87b3583ca50adb0488b031297f5580d.js?body=1" for ::1 at 2015-03-16 12:28:44 -0400


Started GET "/assets/static-fcec5b5a277ac7c20cc9f45a209a3bcd.js?body=1" for ::1 at 2015-03-16 12:28:44 -0400


Started GET "/assets/application-001948a807d6467a657420955d9f0c1c.js?body=1" for ::1 at 2015-03-16 12:28:44 -0400


Started GET "/" for ::1 at 2015-03-16 12:29:06 -0400
Processing by StaticController#home as HTML
  Rendered static/home.html.erb within layouts/application (0.0ms)
Completed 200 OK in 79ms (Views: 78.3ms | ActiveRecord: 0.0ms)


Started GET "/assets/application-ffd765cd7760f77ad62432c3d18f7830.css?body=1" for ::1 at 2015-03-16 12:29:06 -0400


Started GET "/assets/static-9a3bd7a02129145f74784a1b9ccce3e0.css?body=1" for ::1 at 2015-03-16 12:29:06 -0400


Started GET "/assets/static-fcec5b5a277ac7c20cc9f45a209a3bcd.js?body=1" for ::1 at 2015-03-16 12:29:06 -0400


Started GET "/assets/jquery-87424c3c19e96d4fb033c10ebe21ec40.js?body=1" for ::1 at 2015-03-16 12:29:06 -0400


Started GET "/assets/jquery_ujs-e27bd20a10d28155845a22d71ef94f2f.js?body=1" for ::1 at 2015-03-16 12:29:06 -0400


Started GET "/assets/turbolinks-f87b3583ca50adb0488b031297f5580d.js?body=1" for ::1 at 2015-03-16 12:29:06 -0400


Started GET "/assets/application-001948a807d6467a657420955d9f0c1c.js?body=1" for ::1 at 2015-03-16 12:29:06 -0400


Started GET "/" for ::1 at 2015-03-16 12:29:13 -0400
Processing by StaticController#home as HTML
  Rendered static/home.html.erb within layouts/application (0.1ms)
Completed 200 OK in 54ms (Views: 53.5ms | ActiveRecord: 0.0ms)


Started GET "/about" for ::1 at 2015-03-16 12:29:14 -0400
Processing by StaticController#about as HTML
  Rendered static/about.html.erb within layouts/application (0.1ms)
Completed 200 OK in 80ms (Views: 78.9ms | ActiveRecord: 0.0ms)


Started GET "/cat-pictures" for ::1 at 2015-03-16 12:29:17 -0400
Processing by StaticController#cats as HTML
  Rendered static/cats.html.erb within layouts/application (0.1ms)
Completed 200 OK in 918ms (Views: 50.9ms | ActiveRecord: 0.0ms)


Started GET "/" for ::1 at 2015-03-16 12:29:20 -0400
Processing by StaticController#home as HTML
  Rendered static/home.html.erb within layouts/application (0.1ms)
Completed 200 OK in 54ms (Views: 53.3ms | ActiveRecord: 0.0ms)


Started GET "/" for ::1 at 2015-03-16 12:29:38 -0400
Processing by StaticController#home as HTML
  Rendered static/home.html.erb within layouts/application (0.1ms)
Completed 200 OK in 75ms (Views: 74.5ms | ActiveRecord: 0.0ms)


Started GET "/assets/jquery-87424c3c19e96d4fb033c10ebe21ec40.js?body=1" for ::1 at 2015-03-16 12:29:38 -0400


Started GET "/assets/application-f83f9149b1b1eeb0811585863bcddcb5.css?body=1" for ::1 at 2015-03-16 12:29:38 -0400


Started GET "/assets/application-001948a807d6467a657420955d9f0c1c.js?body=1" for ::1 at 2015-03-16 12:29:38 -0400


Started GET "/assets/static-7896415cd850f83b4fc0ebb0a3422a6f.css?body=1" for ::1 at 2015-03-16 12:29:38 -0400


Started GET "/assets/jquery_ujs-e27bd20a10d28155845a22d71ef94f2f.js?body=1" for ::1 at 2015-03-16 12:29:38 -0400


Started GET "/assets/turbolinks-f87b3583ca50adb0488b031297f5580d.js?body=1" for ::1 at 2015-03-16 12:29:38 -0400


Started GET "/assets/static-fcec5b5a277ac7c20cc9f45a209a3bcd.js?body=1" for ::1 at 2015-03-16 12:29:38 -0400


Started GET "/" for ::1 at 2015-03-16 12:29:45 -0400
Processing by StaticController#home as HTML
  Rendered static/home.html.erb within layouts/application (0.1ms)
Completed 200 OK in 74ms (Views: 72.9ms | ActiveRecord: 0.0ms)


Started GET "/assets/static-78c9ea1fe9cddbd0f79566ab82b39d1e.css?body=1" for ::1 at 2015-03-16 12:29:45 -0400


Started GET "/assets/jquery_ujs-e27bd20a10d28155845a22d71ef94f2f.js?body=1" for ::1 at 2015-03-16 12:29:45 -0400


Started GET "/assets/static-fcec5b5a277ac7c20cc9f45a209a3bcd.js?body=1" for ::1 at 2015-03-16 12:29:45 -0400


Started GET "/assets/jquery-87424c3c19e96d4fb033c10ebe21ec40.js?body=1" for ::1 at 2015-03-16 12:29:45 -0400


Started GET "/assets/turbolinks-f87b3583ca50adb0488b031297f5580d.js?body=1" for ::1 at 2015-03-16 12:29:45 -0400


Started GET "/assets/application-06bf95bed83a42d724ae3a2f537501cf.css?body=1" for ::1 at 2015-03-16 12:29:45 -0400


Started GET "/assets/application-001948a807d6467a657420955d9f0c1c.js?body=1" for ::1 at 2015-03-16 12:29:45 -0400


Started GET "/" for ::1 at 2015-03-16 12:29:53 -0400
Processing by StaticController#home as HTML
  Rendered static/home.html.erb within layouts/application (0.1ms)
Completed 200 OK in 78ms (Views: 77.2ms | ActiveRecord: 0.0ms)


Started GET "/assets/application-6f7ae90c0e2407c4d3003283da1e770e.css?body=1" for ::1 at 2015-03-16 12:29:53 -0400


Started GET "/assets/static-e23acb775a08d2ef1ed77dae6ac0a45a.css?body=1" for ::1 at 2015-03-16 12:29:53 -0400


Started GET "/assets/static-fcec5b5a277ac7c20cc9f45a209a3bcd.js?body=1" for ::1 at 2015-03-16 12:29:53 -0400


Started GET "/assets/turbolinks-f87b3583ca50adb0488b031297f5580d.js?body=1" for ::1 at 2015-03-16 12:29:53 -0400


Started GET "/assets/application-001948a807d6467a657420955d9f0c1c.js?body=1" for ::1 at 2015-03-16 12:29:53 -0400


Started GET "/assets/jquery-87424c3c19e96d4fb033c10ebe21ec40.js?body=1" for ::1 at 2015-03-16 12:29:53 -0400


Started GET "/assets/jquery_ujs-e27bd20a10d28155845a22d71ef94f2f.js?body=1" for ::1 at 2015-03-16 12:29:53 -0400


Started GET "/" for ::1 at 2015-03-16 12:30:17 -0400
Processing by StaticController#home as HTML
  Rendered static/home.html.erb within layouts/application (0.0ms)
Completed 200 OK in 85ms (Views: 84.2ms | ActiveRecord: 0.0ms)


Started GET "/assets/static-d3de8f20b45b2d9094971c3d411fdd83.css?body=1" for ::1 at 2015-03-16 12:30:18 -0400


Started GET "/assets/application-2b99f71da209c8ff110cf2bb6b0037d7.css?body=1" for ::1 at 2015-03-16 12:30:18 -0400


Started GET "/assets/turbolinks-f87b3583ca50adb0488b031297f5580d.js?body=1" for ::1 at 2015-03-16 12:30:18 -0400


Started GET "/assets/jquery_ujs-e27bd20a10d28155845a22d71ef94f2f.js?body=1" for ::1 at 2015-03-16 12:30:18 -0400


Started GET "/assets/jquery-87424c3c19e96d4fb033c10ebe21ec40.js?body=1" for ::1 at 2015-03-16 12:30:18 -0400


Started GET "/assets/static-fcec5b5a277ac7c20cc9f45a209a3bcd.js?body=1" for ::1 at 2015-03-16 12:30:18 -0400


Started GET "/assets/application-001948a807d6467a657420955d9f0c1c.js?body=1" for ::1 at 2015-03-16 12:30:18 -0400


Started GET "/about" for ::1 at 2015-03-16 12:31:11 -0400
Processing by StaticController#about as HTML
  Rendered static/about.html.erb within layouts/application (0.1ms)
Completed 200 OK in 53ms (Views: 53.0ms | ActiveRecord: 0.0ms)


Started GET "/" for ::1 at 2015-03-16 12:31:13 -0400
Processing by StaticController#home as HTML
  Rendered static/home.html.erb within layouts/application (0.1ms)
Completed 200 OK in 56ms (Views: 55.5ms | ActiveRecord: 0.0ms)


Started GET "/cat-pictures" for ::1 at 2015-03-16 12:31:18 -0400
Processing by StaticController#cats as HTML
  Rendered static/cats.html.erb within layouts/application (0.1ms)
Completed 200 OK in 827ms (Views: 48.9ms | ActiveRecord: 0.0ms)


Started GET "/" for ::1 at 2015-03-16 12:31:21 -0400
Processing by StaticController#home as HTML
  Rendered static/home.html.erb within layouts/application (0.1ms)
Completed 200 OK in 55ms (Views: 54.2ms | ActiveRecord: 0.0ms)


Started GET "/" for ::1 at 2015-03-16 12:32:02 -0400
Processing by StaticController#home as HTML
  Rendered static/home.html.erb within layouts/application (0.1ms)
Completed 200 OK in 50ms (Views: 49.8ms | ActiveRecord: 0.0ms)


Started GET "/assets/jquery-87424c3c19e96d4fb033c10ebe21ec40.js?body=1" for ::1 at 2015-03-16 12:32:02 -0400


Started GET "/assets/application-2b99f71da209c8ff110cf2bb6b0037d7.css?body=1" for ::1 at 2015-03-16 12:32:02 -0400


Started GET "/assets/static-d3de8f20b45b2d9094971c3d411fdd83.css?body=1" for ::1 at 2015-03-16 12:32:02 -0400


Started GET "/assets/turbolinks-f87b3583ca50adb0488b031297f5580d.js?body=1" for ::1 at 2015-03-16 12:32:02 -0400


Started GET "/assets/static-fcec5b5a277ac7c20cc9f45a209a3bcd.js?body=1" for ::1 at 2015-03-16 12:32:02 -0400


Started GET "/assets/jquery_ujs-e27bd20a10d28155845a22d71ef94f2f.js?body=1" for ::1 at 2015-03-16 12:32:02 -0400


Started GET "/assets/application-001948a807d6467a657420955d9f0c1c.js?body=1" for ::1 at 2015-03-16 12:32:02 -0400


Started GET "/cat-pictures" for ::1 at 2015-03-16 12:32:04 -0400
Processing by StaticController#cats as HTML
  Rendered static/cats.html.erb within layouts/application (0.1ms)
Completed 200 OK in 765ms (Views: 53.4ms | ActiveRecord: 0.0ms)


Started GET "/cat-pictures/5" for ::1 at 2015-03-16 12:32:08 -0400
Processing by StaticController#cats as HTML
  Parameters: {"number_of_cats"=>"5"}
  Rendered static/cats.html.erb within layouts/application (0.6ms)
Completed 200 OK in 716ms (Views: 46.9ms | ActiveRecord: 0.0ms)


Started GET "/assets/application-2b99f71da209c8ff110cf2bb6b0037d7.css?body=1" for ::1 at 2015-03-16 12:32:08 -0400


Started GET "/assets/static-d3de8f20b45b2d9094971c3d411fdd83.css?body=1" for ::1 at 2015-03-16 12:32:08 -0400


Started GET "/assets/turbolinks-f87b3583ca50adb0488b031297f5580d.js?body=1" for ::1 at 2015-03-16 12:32:09 -0400


Started GET "/assets/jquery-87424c3c19e96d4fb033c10ebe21ec40.js?body=1" for ::1 at 2015-03-16 12:32:09 -0400


Started GET "/assets/static-fcec5b5a277ac7c20cc9f45a209a3bcd.js?body=1" for ::1 at 2015-03-16 12:32:09 -0400


Started GET "/assets/jquery_ujs-e27bd20a10d28155845a22d71ef94f2f.js?body=1" for ::1 at 2015-03-16 12:32:09 -0400


Started GET "/assets/application-001948a807d6467a657420955d9f0c1c.js?body=1" for ::1 at 2015-03-16 12:32:09 -0400


Started GET "/" for ::1 at 2015-03-16 12:32:14 -0400
Processing by StaticController#home as HTML
  Rendered static/home.html.erb within layouts/application (0.1ms)
Completed 200 OK in 60ms (Views: 59.1ms | ActiveRecord: 0.0ms)
